"../../../Engine/Content/EditorResources/S_Actor.ubulk" 0
"../../../Engine/Content/EditorResources/S_Actor.uasset" 1
"../../../Engine/Content/EditorResources/S_Actor.uexp" 2
"../../../Engine/Content/EditorResources/S_BoxReflectionCapture.uasset" 3
"../../../Engine/Content/EditorResources/S_BoxReflectionCapture.uexp" 4
"../../../Engine/Content/EngineResources/DefaultTexture.ubulk" 5
"../../../Engine/Content/EngineResources/DefaultTexture.uasset" 6
"../../../Engine/Content/EngineResources/DefaultTexture.uexp" 7
"../../../Engine/Content/EngineResources/DefaultTextureCube.uasset" 8
"../../../Engine/Content/EngineResources/DefaultTextureCube.uexp" 9
"../../../Engine/Content/EngineResources/DefaultVolumeTexture2D.uasset" 10
"../../../Engine/Content/EngineResources/DefaultVolumeTexture2D.uexp" 11
"../../../Engine/Content/EngineResources/DefaultVolumeTexture.uasset" 12
"../../../Engine/Content/EngineResources/DefaultVolumeTexture.uexp" 13
"../../../Engine/Content/EditorResources/S_Trigger.ubulk" 14
"../../../Engine/Content/EditorResources/S_Trigger.uasset" 15
"../../../Engine/Content/EditorResources/S_Trigger.uexp" 16
"../../../Engine/Content/EditorResources/S_TriggerBox.uasset" 17
"../../../Engine/Content/EditorResources/S_TriggerBox.uexp" 18
"../../../Engine/Content/EditorResources/S_TriggerCapsule.uasset" 19
"../../../Engine/Content/EditorResources/S_TriggerCapsule.uexp" 20
"../../../Engine/Content/EditorResources/S_TriggerSphere.uasset" 21
"../../../Engine/Content/EditorResources/S_TriggerSphere.uexp" 22
"../../../Engine/Content/EngineMeshes/Sphere.ubulk" 23
"../../../Engine/Content/EngineMeshes/Sphere.uasset" 24
"../../../Engine/Content/EngineMeshes/Sphere.uexp" 25
"../../../Engine/Content/EngineResources/GradientTexture0.uasset" 26
"../../../Engine/Content/EngineResources/GradientTexture0.uexp" 27
"../../../Engine/Content/VREditor/LaserPointer/VR_LaserPower_01.ubulk" 28
"../../../Engine/Content/VREditor/LaserPointer/VR_LaserPower_01.uasset" 29
"../../../Engine/Content/VREditor/LaserPointer/VR_LaserPower_01.uexp" 30
"../../../Engine/Content/VREditor/TransformGizmo/TransformGizmoMaterial.uasset" 31
"../../../Engine/Content/VREditor/TransformGizmo/TransformGizmoMaterial.uexp" 32
"../../../Engine/Content/VREditor/TransformGizmo/TranslucentTransformGizmoMaterial.uasset" 33
"../../../Engine/Content/VREditor/TransformGizmo/TranslucentTransformGizmoMaterial.uexp" 34
"../../../Engine/Content/VREditor/TransformGizmo/BoundingBoxCorner.ubulk" 35
"../../../Engine/Content/VREditor/TransformGizmo/BoundingBoxCorner.uasset" 36
"../../../Engine/Content/VREditor/TransformGizmo/BoundingBoxCorner.uexp" 37
"../../../Engine/Content/VREditor/TransformGizmo/BoundingBoxEdge.ubulk" 38
"../../../Engine/Content/VREditor/TransformGizmo/BoundingBoxEdge.uasset" 39
"../../../Engine/Content/VREditor/TransformGizmo/BoundingBoxEdge.uexp" 40
"../../../Engine/Content/VREditor/TransformGizmo/Main.uasset" 41
"../../../Engine/Content/VREditor/TransformGizmo/Main.uexp" 42
"../../../Engine/Content/VREditor/TransformGizmo/Xray.uasset" 43
"../../../Engine/Content/VREditor/TransformGizmo/Xray.uexp" 44
"../../../Engine/Content/VREditor/TransformGizmo/SM_Sequencer_Node.ubulk" 45
"../../../Engine/Content/VREditor/TransformGizmo/SM_Sequencer_Node.uasset" 46
"../../../Engine/Content/VREditor/TransformGizmo/SM_Sequencer_Node.uexp" 47
"../../../Engine/Content/EditorResources/S_Solver.ubulk" 48
"../../../Engine/Content/EditorResources/S_Solver.uasset" 49
"../../../Engine/Content/EditorResources/S_Solver.uexp" 50
"../../../Engine/Content/EditorMaterials/Camera/CineMat.uasset" 51
"../../../Engine/Content/EditorMaterials/Camera/CineMat.uexp" 52
"../../../Engine/Content/EditorMaterials/Camera/MI_CineMat_Rig.uasset" 53
"../../../Engine/Content/EditorMaterials/Camera/MI_CineMat_Rig.uexp" 54
"../../../Engine/Content/EditorMeshes/Camera/SM_CraneRig_Base.ubulk" 55
"../../../Engine/Content/EditorMeshes/Camera/SM_CraneRig_Base.uasset" 56
"../../../Engine/Content/EditorMeshes/Camera/SM_CraneRig_Base.uexp" 57
"../../../Engine/Content/EditorMeshes/Camera/SM_CraneRig_Arm.ubulk" 58
"../../../Engine/Content/EditorMeshes/Camera/SM_CraneRig_Arm.uasset" 59
"../../../Engine/Content/EditorMeshes/Camera/SM_CraneRig_Arm.uexp" 60
"../../../Engine/Content/EditorMeshes/Camera/SM_CraneRig_Mount.ubulk" 61
"../../../Engine/Content/EditorMeshes/Camera/SM_CraneRig_Mount.uasset" 62
"../../../Engine/Content/EditorMeshes/Camera/SM_CraneRig_Mount.uexp" 63
"../../../Engine/Content/EditorMeshes/Camera/SM_CraneRig_Body.ubulk" 64
"../../../Engine/Content/EditorMeshes/Camera/SM_CraneRig_Body.uasset" 65
"../../../Engine/Content/EditorMeshes/Camera/SM_CraneRig_Body.uexp" 66
"../../../Engine/Content/EditorMeshes/Camera/SM_RailRig_Track.ubulk" 67
"../../../Engine/Content/EditorMeshes/Camera/SM_RailRig_Track.uasset" 68
"../../../Engine/Content/EditorMeshes/Camera/SM_RailRig_Track.uexp" 69
"../../../Engine/Content/EditorMeshes/Camera/SM_RailRig_Mount.ubulk" 70
"../../../Engine/Content/EditorMeshes/Camera/SM_RailRig_Mount.uasset" 71
"../../../Engine/Content/EditorMeshes/Camera/SM_RailRig_Mount.uexp" 72
"../../../Engine/Content/EngineMaterials/T_Default_Material_Grid_M.ubulk" 73
"../../../Engine/Content/EngineMaterials/T_Default_Material_Grid_M.uasset" 74
"../../../Engine/Content/EngineMaterials/T_Default_Material_Grid_M.uexp" 75
"../../../Engine/Content/EngineMaterials/T_Default_Material_Grid_N.ubulk" 76
"../../../Engine/Content/EngineMaterials/T_Default_Material_Grid_N.uasset" 77
"../../../Engine/Content/EngineMaterials/T_Default_Material_Grid_N.uexp" 78
"../../../Engine/Content/Functions/Engine_MaterialFunctions01/Opacity/CameraDepthFade.uasset" 79
"../../../Engine/Content/Functions/Engine_MaterialFunctions01/Opacity/CameraDepthFade.uexp" 80
"../../../Engine/Content/EngineMaterials/WorldGridMaterial.uasset" 81
"../../../Engine/Content/EngineMaterials/WorldGridMaterial.uexp" 82
"../../../Engine/Content/ArtTools/RenderToTexture/Meshes/S_1_Unit_Plane.ubulk" 83
"../../../Engine/Content/ArtTools/RenderToTexture/Meshes/S_1_Unit_Plane.uasset" 84
"../../../Engine/Content/ArtTools/RenderToTexture/Meshes/S_1_Unit_Plane.uexp" 85
"../../../Engine/Content/EditorMaterials/ParticleSystems/PSysThumbnail_NoImage.ubulk" 86
"../../../Engine/Content/EditorMaterials/ParticleSystems/PSysThumbnail_NoImage.uasset" 87
"../../../Engine/Content/EditorMaterials/ParticleSystems/PSysThumbnail_NoImage.uexp" 88
"../../../Engine/Content/EditorMaterials/ParticleSystems/PSysThumbnail_OOD.ubulk" 89
"../../../Engine/Content/EditorMaterials/ParticleSystems/PSysThumbnail_OOD.uasset" 90
"../../../Engine/Content/EditorMaterials/ParticleSystems/PSysThumbnail_OOD.uexp" 91
"../../../Engine/Content/EditorLandscapeResources/SplineEditorMeshMat.uasset" 92
"../../../Engine/Content/EditorLandscapeResources/SplineEditorMeshMat.uexp" 93
"../../../Engine/Content/EditorLandscapeResources/SplineEditorMesh.ubulk" 94
"../../../Engine/Content/EditorLandscapeResources/SplineEditorMesh.uasset" 95
"../../../Engine/Content/EditorLandscapeResources/SplineEditorMesh.uexp" 96
"../../../Engine/Plugins/Media/MediaPlate/Content/SM_MediaPlateScreen.ubulk" 97
"../../../Engine/Plugins/Media/MediaPlate/Content/SM_MediaPlateScreen.uasset" 98
"../../../Engine/Plugins/Media/MediaPlate/Content/SM_MediaPlateScreen.uexp" 99
"../../../Engine/Plugins/Marketplace/MetaXR/Content/Textures/TouchForQuestRiftSController_albedo.ubulk" 100
"../../../Engine/Plugins/Marketplace/MetaXR/Content/Textures/TouchForQuestRiftSController_albedo.uasset" 101
"../../../Engine/Plugins/Marketplace/MetaXR/Content/Textures/TouchForQuestRiftSController_albedo.uexp" 102
"../../../Engine/Plugins/Marketplace/MetaXR/Content/Materials/TouchForQuestRiftSControllerMaterial.uasset" 103
"../../../Engine/Plugins/Marketplace/MetaXR/Content/Materials/TouchForQuestRiftSControllerMaterial.uexp" 104
"../../../Engine/Plugins/Marketplace/MetaXR/Content/Meshes/LeftTouchForQuestRiftSController.ubulk" 105
"../../../Engine/Plugins/Marketplace/MetaXR/Content/Meshes/LeftTouchForQuestRiftSController.uasset" 106
"../../../Engine/Plugins/Marketplace/MetaXR/Content/Meshes/LeftTouchForQuestRiftSController.uexp" 107
"../../../Engine/Plugins/Marketplace/MetaXR/Content/Meshes/RightTouchForQuestRiftSController.ubulk" 108
"../../../Engine/Plugins/Marketplace/MetaXR/Content/Meshes/RightTouchForQuestRiftSController.uasset" 109
"../../../Engine/Plugins/Marketplace/MetaXR/Content/Meshes/RightTouchForQuestRiftSController.uexp" 110
"../../../Engine/Plugins/Marketplace/MetaXR/Content/Textures/TouchForQuest2_Color.ubulk" 111
"../../../Engine/Plugins/Marketplace/MetaXR/Content/Textures/TouchForQuest2_Color.uasset" 112
"../../../Engine/Plugins/Marketplace/MetaXR/Content/Textures/TouchForQuest2_Color.uexp" 113
"../../../Engine/Plugins/Marketplace/MetaXR/Content/Textures/TouchForQuest2Material_Roughness.ubulk" 114
"../../../Engine/Plugins/Marketplace/MetaXR/Content/Textures/TouchForQuest2Material_Roughness.uasset" 115
"../../../Engine/Plugins/Marketplace/MetaXR/Content/Textures/TouchForQuest2Material_Roughness.uexp" 116
"../../../Engine/Plugins/Marketplace/MetaXR/Content/Materials/TouchForQuest2Material.uasset" 117
"../../../Engine/Plugins/Marketplace/MetaXR/Content/Materials/TouchForQuest2Material.uexp" 118
"../../../Engine/Plugins/Marketplace/MetaXR/Content/Meshes/LeftTouchForQuest2.ubulk" 119
"../../../Engine/Plugins/Marketplace/MetaXR/Content/Meshes/LeftTouchForQuest2.uasset" 120
"../../../Engine/Plugins/Marketplace/MetaXR/Content/Meshes/LeftTouchForQuest2.uexp" 121
"../../../Engine/Plugins/Marketplace/MetaXR/Content/Meshes/RightTouchForQuest2.ubulk" 122
"../../../Engine/Plugins/Marketplace/MetaXR/Content/Meshes/RightTouchForQuest2.uasset" 123
"../../../Engine/Plugins/Marketplace/MetaXR/Content/Meshes/RightTouchForQuest2.uexp" 124
"../../../Engine/Plugins/Marketplace/MetaXR/Content/Textures/LeftMetaQuestTouchPro_Normal.ubulk" 125
"../../../Engine/Plugins/Marketplace/MetaXR/Content/Textures/LeftMetaQuestTouchPro_Normal.uasset" 126
"../../../Engine/Plugins/Marketplace/MetaXR/Content/Textures/LeftMetaQuestTouchPro_Normal.uexp" 127
"../../../Engine/Plugins/Marketplace/MetaXR/Content/Textures/LeftMetaQuestTouchPro_Color.ubulk" 128
"../../../Engine/Plugins/Marketplace/MetaXR/Content/Textures/LeftMetaQuestTouchPro_Color.uasset" 129
"../../../Engine/Plugins/Marketplace/MetaXR/Content/Textures/LeftMetaQuestTouchPro_Color.uexp" 130
"../../../Engine/Plugins/Marketplace/MetaXR/Content/Materials/LeftMetaQuestTouchProMaterial.uasset" 131
"../../../Engine/Plugins/Marketplace/MetaXR/Content/Materials/LeftMetaQuestTouchProMaterial.uexp" 132
"../../../Engine/Plugins/Marketplace/MetaXR/Content/Meshes/LeftMetaQuestTouchPro.ubulk" 133
"../../../Engine/Plugins/Marketplace/MetaXR/Content/Meshes/LeftMetaQuestTouchPro.uasset" 134
"../../../Engine/Plugins/Marketplace/MetaXR/Content/Meshes/LeftMetaQuestTouchPro.uexp" 135
"../../../Engine/Plugins/Marketplace/MetaXR/Content/Textures/RightMetaQuestTouchPro_Normal.ubulk" 136
"../../../Engine/Plugins/Marketplace/MetaXR/Content/Textures/RightMetaQuestTouchPro_Normal.uasset" 137
"../../../Engine/Plugins/Marketplace/MetaXR/Content/Textures/RightMetaQuestTouchPro_Normal.uexp" 138
"../../../Engine/Plugins/Marketplace/MetaXR/Content/Textures/RightMetaQuestTouchPro_Color.ubulk" 139
"../../../Engine/Plugins/Marketplace/MetaXR/Content/Textures/RightMetaQuestTouchPro_Color.uasset" 140
"../../../Engine/Plugins/Marketplace/MetaXR/Content/Textures/RightMetaQuestTouchPro_Color.uexp" 141
"../../../Engine/Plugins/Marketplace/MetaXR/Content/Materials/RightMetaQuestTouchProMaterial.uasset" 142
"../../../Engine/Plugins/Marketplace/MetaXR/Content/Materials/RightMetaQuestTouchProMaterial.uexp" 143
"../../../Engine/Plugins/Marketplace/MetaXR/Content/Meshes/RightMetaQuestTouchPro.ubulk" 144
"../../../Engine/Plugins/Marketplace/MetaXR/Content/Meshes/RightMetaQuestTouchPro.uasset" 145
"../../../Engine/Plugins/Marketplace/MetaXR/Content/Meshes/RightMetaQuestTouchPro.uexp" 146
"../../../Engine/Plugins/Marketplace/MetaXR/Content/Textures/LeftMetaQuestTouchPlus_Color.ubulk" 147
"../../../Engine/Plugins/Marketplace/MetaXR/Content/Textures/LeftMetaQuestTouchPlus_Color.uasset" 148
"../../../Engine/Plugins/Marketplace/MetaXR/Content/Textures/LeftMetaQuestTouchPlus_Color.uexp" 149
"../../../Engine/Plugins/Marketplace/MetaXR/Content/Materials/LeftMetaQuestTouchPlusMaterial.uasset" 150
"../../../Engine/Plugins/Marketplace/MetaXR/Content/Materials/LeftMetaQuestTouchPlusMaterial.uexp" 151
"../../../Engine/Plugins/Marketplace/MetaXR/Content/Meshes/LeftMetaQuestTouchPlus.ubulk" 152
"../../../Engine/Plugins/Marketplace/MetaXR/Content/Meshes/LeftMetaQuestTouchPlus.uasset" 153
"../../../Engine/Plugins/Marketplace/MetaXR/Content/Meshes/LeftMetaQuestTouchPlus.uexp" 154
"../../../Engine/Plugins/Marketplace/MetaXR/Content/Textures/RightMetaQuestTouchPlus_Color.ubulk" 155
"../../../Engine/Plugins/Marketplace/MetaXR/Content/Textures/RightMetaQuestTouchPlus_Color.uasset" 156
"../../../Engine/Plugins/Marketplace/MetaXR/Content/Textures/RightMetaQuestTouchPlus_Color.uexp" 157
"../../../Engine/Plugins/Marketplace/MetaXR/Content/Materials/RightMetaQuestTouchPlusMaterial.uasset" 158
"../../../Engine/Plugins/Marketplace/MetaXR/Content/Materials/RightMetaQuestTouchPlusMaterial.uexp" 159
"../../../Engine/Plugins/Marketplace/MetaXR/Content/Meshes/RightMetaQuestTouchPlus.ubulk" 160
"../../../Engine/Plugins/Marketplace/MetaXR/Content/Meshes/RightMetaQuestTouchPlus.uasset" 161
"../../../Engine/Plugins/Marketplace/MetaXR/Content/Meshes/RightMetaQuestTouchPlus.uexp" 162
"../../../Engine/Content/EngineMaterials/BaseFlattenNormalMap.uasset" 163
"../../../Engine/Content/EngineMaterials/BaseFlattenNormalMap.uexp" 164
"../../../Engine/Content/EngineResources/Black.uasset" 165
"../../../Engine/Content/EngineResources/Black.uexp" 166
"../../../Engine/Plugins/Runtime/OpenXR/Content/Devices/M_XRController.uasset" 167
"../../../Engine/Plugins/Runtime/OpenXR/Content/Devices/M_XRController.uexp" 168
"../../../Engine/Plugins/Runtime/OpenXR/Content/Devices/HTCVive/BaseTexture.ubulk" 169
"../../../Engine/Plugins/Runtime/OpenXR/Content/Devices/HTCVive/BaseTexture.uasset" 170
"../../../Engine/Plugins/Runtime/OpenXR/Content/Devices/HTCVive/BaseTexture.uexp" 171
"../../../Engine/Plugins/Runtime/OpenXR/Content/Devices/HTCVive/MI_HTCVive.uasset" 172
"../../../Engine/Plugins/Runtime/OpenXR/Content/Devices/HTCVive/MI_HTCVive.uexp" 173
"../../../Engine/Plugins/Runtime/OpenXR/Content/Devices/HTCVive/HTCViveController.ubulk" 174
"../../../Engine/Plugins/Runtime/OpenXR/Content/Devices/HTCVive/HTCViveController.uasset" 175
"../../../Engine/Plugins/Runtime/OpenXR/Content/Devices/HTCVive/HTCViveController.uexp" 176
"../../../Engine/Plugins/Runtime/OpenXR/Content/Devices/MicrosoftMixedReality/NormalTexture.ubulk" 177
"../../../Engine/Plugins/Runtime/OpenXR/Content/Devices/MicrosoftMixedReality/NormalTexture.uasset" 178
"../../../Engine/Plugins/Runtime/OpenXR/Content/Devices/MicrosoftMixedReality/NormalTexture.uexp" 179
"../../../Engine/Plugins/Runtime/OpenXR/Content/Devices/MicrosoftMixedReality/EmissiveTexture.ubulk" 180
"../../../Engine/Plugins/Runtime/OpenXR/Content/Devices/MicrosoftMixedReality/EmissiveTexture.uasset" 181
"../../../Engine/Plugins/Runtime/OpenXR/Content/Devices/MicrosoftMixedReality/EmissiveTexture.uexp" 182
"../../../Engine/Plugins/Runtime/OpenXR/Content/Devices/MicrosoftMixedReality/BaseTexture.ubulk" 183
"../../../Engine/Plugins/Runtime/OpenXR/Content/Devices/MicrosoftMixedReality/BaseTexture.uasset" 184
"../../../Engine/Plugins/Runtime/OpenXR/Content/Devices/MicrosoftMixedReality/BaseTexture.uexp" 185
"../../../Engine/Plugins/Runtime/OpenXR/Content/Devices/MicrosoftMixedReality/MRTexture.ubulk" 186
"../../../Engine/Plugins/Runtime/OpenXR/Content/Devices/MicrosoftMixedReality/MRTexture.uasset" 187
"../../../Engine/Plugins/Runtime/OpenXR/Content/Devices/MicrosoftMixedReality/MRTexture.uexp" 188
"../../../Engine/Plugins/Runtime/OpenXR/Content/Devices/MicrosoftMixedReality/MI_MicrosoftMixedReality.uasset" 189
"../../../Engine/Plugins/Runtime/OpenXR/Content/Devices/MicrosoftMixedReality/MI_MicrosoftMixedReality.uexp" 190
"../../../Engine/Plugins/Runtime/OpenXR/Content/Devices/MicrosoftMixedReality/Left/left_MicrosoftMixedRealityController.ubulk" 191
"../../../Engine/Plugins/Runtime/OpenXR/Content/Devices/MicrosoftMixedReality/Left/left_MicrosoftMixedRealityController.uasset" 192
"../../../Engine/Plugins/Runtime/OpenXR/Content/Devices/MicrosoftMixedReality/Left/left_MicrosoftMixedRealityController.uexp" 193
"../../../Engine/Plugins/Runtime/OpenXR/Content/Devices/MicrosoftMixedReality/Right/right_MicrosoftMixedRealityController.ubulk" 194
"../../../Engine/Plugins/Runtime/OpenXR/Content/Devices/MicrosoftMixedReality/Right/right_MicrosoftMixedRealityController.uasset" 195
"../../../Engine/Plugins/Runtime/OpenXR/Content/Devices/MicrosoftMixedReality/Right/right_MicrosoftMixedRealityController.uexp" 196
"../../../Engine/Plugins/Runtime/OpenXR/Content/Devices/OculusGo/BaseTexture.ubulk" 197
"../../../Engine/Plugins/Runtime/OpenXR/Content/Devices/OculusGo/BaseTexture.uasset" 198
"../../../Engine/Plugins/Runtime/OpenXR/Content/Devices/OculusGo/BaseTexture.uexp" 199
"../../../Engine/Plugins/Runtime/OpenXR/Content/Devices/OculusGo/MI_OculusGo.uasset" 200
"../../../Engine/Plugins/Runtime/OpenXR/Content/Devices/OculusGo/MI_OculusGo.uexp" 201
"../../../Engine/Plugins/Runtime/OpenXR/Content/Devices/OculusGo/OculusGoController.ubulk" 202
"../../../Engine/Plugins/Runtime/OpenXR/Content/Devices/OculusGo/OculusGoController.uasset" 203
"../../../Engine/Plugins/Runtime/OpenXR/Content/Devices/OculusGo/OculusGoController.uexp" 204
"../../../Engine/Plugins/Runtime/OpenXR/Content/Devices/OculusTouch/BaseTexture.ubulk" 205
"../../../Engine/Plugins/Runtime/OpenXR/Content/Devices/OculusTouch/BaseTexture.uasset" 206
"../../../Engine/Plugins/Runtime/OpenXR/Content/Devices/OculusTouch/BaseTexture.uexp" 207
"../../../Engine/Plugins/Runtime/OpenXR/Content/Devices/OculusTouch/MRTexture.ubulk" 208
"../../../Engine/Plugins/Runtime/OpenXR/Content/Devices/OculusTouch/MRTexture.uasset" 209
"../../../Engine/Plugins/Runtime/OpenXR/Content/Devices/OculusTouch/MRTexture.uexp" 210
"../../../Engine/Plugins/Runtime/OpenXR/Content/Devices/OculusTouch/MI_OculusTouch.uasset" 211
"../../../Engine/Plugins/Runtime/OpenXR/Content/Devices/OculusTouch/MI_OculusTouch.uexp" 212
"../../../Engine/Plugins/Runtime/OpenXR/Content/Devices/OculusTouch/Left/left_OculusTouchController.ubulk" 213
"../../../Engine/Plugins/Runtime/OpenXR/Content/Devices/OculusTouch/Left/left_OculusTouchController.uasset" 214
"../../../Engine/Plugins/Runtime/OpenXR/Content/Devices/OculusTouch/Left/left_OculusTouchController.uexp" 215
"../../../Engine/Plugins/Runtime/OpenXR/Content/Devices/OculusTouch/Right/right_OculusTouchController.ubulk" 216
"../../../Engine/Plugins/Runtime/OpenXR/Content/Devices/OculusTouch/Right/right_OculusTouchController.uasset" 217
"../../../Engine/Plugins/Runtime/OpenXR/Content/Devices/OculusTouch/Right/right_OculusTouchController.uexp" 218
"../../../Engine/Plugins/Runtime/OpenXR/Content/Devices/ValveIndex/MRTexture.ubulk" 219
"../../../Engine/Plugins/Runtime/OpenXR/Content/Devices/ValveIndex/MRTexture.uasset" 220
"../../../Engine/Plugins/Runtime/OpenXR/Content/Devices/ValveIndex/MRTexture.uexp" 221
"../../../Engine/Plugins/Runtime/OpenXR/Content/Devices/ValveIndex/BaseTexture.ubulk" 222
"../../../Engine/Plugins/Runtime/OpenXR/Content/Devices/ValveIndex/BaseTexture.uasset" 223
"../../../Engine/Plugins/Runtime/OpenXR/Content/Devices/ValveIndex/BaseTexture.uexp" 224
"../../../Engine/Plugins/Runtime/OpenXR/Content/Devices/ValveIndex/Left/MI_left_ValveIndex.uasset" 225
"../../../Engine/Plugins/Runtime/OpenXR/Content/Devices/ValveIndex/Left/MI_left_ValveIndex.uexp" 226
"../../../Engine/Plugins/Runtime/OpenXR/Content/Devices/ValveIndex/Left/left_ValveIndexController.ubulk" 227
"../../../Engine/Plugins/Runtime/OpenXR/Content/Devices/ValveIndex/Left/left_ValveIndexController.uasset" 228
"../../../Engine/Plugins/Runtime/OpenXR/Content/Devices/ValveIndex/Left/left_ValveIndexController.uexp" 229
"../../../Engine/Plugins/Runtime/OpenXR/Content/Devices/ValveIndex/Right/MI_right_ValveIndex.uasset" 230
"../../../Engine/Plugins/Runtime/OpenXR/Content/Devices/ValveIndex/Right/MI_right_ValveIndex.uexp" 231
"../../../Engine/Plugins/Runtime/OpenXR/Content/Devices/ValveIndex/Right/right_ValveIndexController.ubulk" 232
"../../../Engine/Plugins/Runtime/OpenXR/Content/Devices/ValveIndex/Right/right_ValveIndexController.uasset" 233
"../../../Engine/Plugins/Runtime/OpenXR/Content/Devices/ValveIndex/Right/right_ValveIndexController.uexp" 234
"../../../Engine/Plugins/Runtime/OpenXR/Content/Devices/OculusTouch_v2/BaseTexture.ubulk" 235
"../../../Engine/Plugins/Runtime/OpenXR/Content/Devices/OculusTouch_v2/BaseTexture.uasset" 236
"../../../Engine/Plugins/Runtime/OpenXR/Content/Devices/OculusTouch_v2/BaseTexture.uexp" 237
"../../../Engine/Plugins/Runtime/OpenXR/Content/Devices/OculusTouch_v2/MRTexture.ubulk" 238
"../../../Engine/Plugins/Runtime/OpenXR/Content/Devices/OculusTouch_v2/MRTexture.uasset" 239
"../../../Engine/Plugins/Runtime/OpenXR/Content/Devices/OculusTouch_v2/MRTexture.uexp" 240
"../../../Engine/Plugins/Runtime/OpenXR/Content/Devices/OculusTouch_v2/MI_OculusTouch_v2.uasset" 241
"../../../Engine/Plugins/Runtime/OpenXR/Content/Devices/OculusTouch_v2/MI_OculusTouch_v2.uexp" 242
"../../../Engine/Plugins/Runtime/OpenXR/Content/Devices/OculusTouch_v2/Left/left_OculusTouch_v2Controller.ubulk" 243
"../../../Engine/Plugins/Runtime/OpenXR/Content/Devices/OculusTouch_v2/Left/left_OculusTouch_v2Controller.uasset" 244
"../../../Engine/Plugins/Runtime/OpenXR/Content/Devices/OculusTouch_v2/Left/left_OculusTouch_v2Controller.uexp" 245
"../../../Engine/Plugins/Runtime/OpenXR/Content/Devices/OculusTouch_v2/Right/right_OculusTouch_v2Controller.ubulk" 246
"../../../Engine/Plugins/Runtime/OpenXR/Content/Devices/OculusTouch_v2/Right/right_OculusTouch_v2Controller.uasset" 247
"../../../Engine/Plugins/Runtime/OpenXR/Content/Devices/OculusTouch_v2/Right/right_OculusTouch_v2Controller.uexp" 248
"../../../Engine/Plugins/Runtime/OpenXR/Content/Devices/OculusTouch_v3/MRTexture.ubulk" 249
"../../../Engine/Plugins/Runtime/OpenXR/Content/Devices/OculusTouch_v3/MRTexture.uasset" 250
"../../../Engine/Plugins/Runtime/OpenXR/Content/Devices/OculusTouch_v3/MRTexture.uexp" 251
"../../../Engine/Plugins/Runtime/OpenXR/Content/Devices/OculusTouch_v3/BaseTexture.ubulk" 252
"../../../Engine/Plugins/Runtime/OpenXR/Content/Devices/OculusTouch_v3/BaseTexture.uasset" 253
"../../../Engine/Plugins/Runtime/OpenXR/Content/Devices/OculusTouch_v3/BaseTexture.uexp" 254
"../../../Engine/Plugins/Runtime/OpenXR/Content/Devices/OculusTouch_v3/MI_OculusTouch_v3.uasset" 255
"../../../Engine/Plugins/Runtime/OpenXR/Content/Devices/OculusTouch_v3/MI_OculusTouch_v3.uexp" 256
"../../../Engine/Plugins/Runtime/OpenXR/Content/Devices/OculusTouch_v3/Left/left_OculusTouch_v3Controller.ubulk" 257
"../../../Engine/Plugins/Runtime/OpenXR/Content/Devices/OculusTouch_v3/Left/left_OculusTouch_v3Controller.uasset" 258
"../../../Engine/Plugins/Runtime/OpenXR/Content/Devices/OculusTouch_v3/Left/left_OculusTouch_v3Controller.uexp" 259
"../../../Engine/Plugins/Runtime/OpenXR/Content/Devices/OculusTouch_v3/Right/right_OculusTouch_v3Controller.ubulk" 260
"../../../Engine/Plugins/Runtime/OpenXR/Content/Devices/OculusTouch_v3/Right/right_OculusTouch_v3Controller.uasset" 261
"../../../Engine/Plugins/Runtime/OpenXR/Content/Devices/OculusTouch_v3/Right/right_OculusTouch_v3Controller.uexp" 262
"../../../Engine/Content/EngineMaterials/DefaultBokeh.uasset" 263
"../../../Engine/Content/EngineMaterials/DefaultBokeh.uexp" 264
"../../../Engine/Content/EngineMaterials/MiniFont.uasset" 265
"../../../Engine/Content/EngineMaterials/MiniFont.uexp" 266
"../../../Engine/Content/EngineMaterials/WeightMapPlaceholderTexture.uasset" 267
"../../../Engine/Content/EngineMaterials/WeightMapPlaceholderTexture.uexp" 268
"../../../Engine/Content/EngineMaterials/WeightMapArrayPlaceholderTexture.uasset" 269
"../../../Engine/Content/EngineMaterials/WeightMapArrayPlaceholderTexture.uexp" 270
"../../../Engine/Content/EngineMaterials/DefaultWhiteGrid.ubulk" 271
"../../../Engine/Content/EngineMaterials/DefaultWhiteGrid.uasset" 272
"../../../Engine/Content/EngineMaterials/DefaultWhiteGrid.uexp" 273
"../../../Engine/Content/EngineMaterials/PreintegratedSkinBRDF.uasset" 274
"../../../Engine/Content/EngineMaterials/PreintegratedSkinBRDF.uexp" 275
"../../../Engine/Content/Functions/Engine_MaterialFunctions02/WorldPositionOffset/CameraOffset.uasset" 276
"../../../Engine/Content/Functions/Engine_MaterialFunctions02/WorldPositionOffset/CameraOffset.uexp" 277
"../../../Engine/Plugins/Animation/ControlRig/Content/M_Manip.uasset" 278
"../../../Engine/Plugins/Animation/ControlRig/Content/M_Manip.uexp" 279
"../../../Engine/Plugins/Animation/ACLPlugin/Content/ACLAnimCurveCompressionSettings.uasset" 280
"../../../Engine/Plugins/Animation/ACLPlugin/Content/ACLAnimCurveCompressionSettings.uexp" 281
"../../../Engine/Plugins/Animation/ACLPlugin/Content/ACLAnimBoneCompressionSettings.uasset" 282
"../../../Engine/Plugins/Animation/ACLPlugin/Content/ACLAnimBoneCompressionSettings.uexp" 283
"../../../Engine/Plugins/2D/Paper2D/Content/PlaceholderTextures/DummySpriteTexture.ubulk" 284
"../../../Engine/Plugins/2D/Paper2D/Content/PlaceholderTextures/DummySpriteTexture.uasset" 285
"../../../Engine/Plugins/2D/Paper2D/Content/PlaceholderTextures/DummySpriteTexture.uexp" 286
"../../../Engine/Plugins/2D/Paper2D/Content/DefaultSpriteMaterial.uasset" 287
"../../../Engine/Plugins/2D/Paper2D/Content/DefaultSpriteMaterial.uexp" 288
"../../../Engine/Plugins/2D/Paper2D/Content/OpaqueUnlitSpriteMaterial.uasset" 289
"../../../Engine/Plugins/2D/Paper2D/Content/OpaqueUnlitSpriteMaterial.uexp" 290
"../../../Engine/Plugins/2D/Paper2D/Content/MaskedUnlitSpriteMaterial.uasset" 291
"../../../Engine/Plugins/2D/Paper2D/Content/MaskedUnlitSpriteMaterial.uexp" 292
"../../../Engine/Plugins/2D/Paper2D/Content/DummySprite.uasset" 293
"../../../Engine/Plugins/2D/Paper2D/Content/DummySprite.uexp" 294
"../../../Engine/Plugins/2D/Paper2D/Content/DefaultPaperTerrainMaterial.uasset" 295
"../../../Engine/Plugins/2D/Paper2D/Content/DefaultPaperTerrainMaterial.uexp" 296
"J:/Unreal/UA-RV-VRProject/Content/Textures/T_Vault_Diffuse.ubulk" 297
"J:/Unreal/UA-RV-VRProject/Content/Textures/T_Vault_Diffuse.uasset" 298
"J:/Unreal/UA-RV-VRProject/Content/Textures/T_Vault_Diffuse.uexp" 299
"J:/Unreal/UA-RV-VRProject/Content/Textures/T_MetaQuestTouchPlus_Normals.ubulk" 300
"J:/Unreal/UA-RV-VRProject/Content/Textures/T_MetaQuestTouchPlus_Normals.uasset" 301
"J:/Unreal/UA-RV-VRProject/Content/Textures/T_MetaQuestTouchPlus_Normals.uexp" 302
"J:/Unreal/UA-RV-VRProject/Content/Textures/T_SueloBig_Diffuse.ubulk" 303
"J:/Unreal/UA-RV-VRProject/Content/Textures/T_SueloBig_Diffuse.uasset" 304
"J:/Unreal/UA-RV-VRProject/Content/Textures/T_SueloBig_Diffuse.uexp" 305
"J:/Unreal/UA-RV-VRProject/Content/Materials/M_SueloBig_Mat.uasset" 306
"J:/Unreal/UA-RV-VRProject/Content/Materials/M_SueloBig_Mat.uexp" 307
"J:/Unreal/UA-RV-VRProject/Content/Models/shield_DefaultMaterial_Normal.ubulk" 308
"J:/Unreal/UA-RV-VRProject/Content/Models/shield_DefaultMaterial_Normal.uasset" 309
"J:/Unreal/UA-RV-VRProject/Content/Models/shield_DefaultMaterial_Normal.uexp" 310
"J:/Unreal/UA-RV-VRProject/Content/Models/shield_DefaultMaterial_Specular.ubulk" 311
"J:/Unreal/UA-RV-VRProject/Content/Models/shield_DefaultMaterial_Specular.uasset" 312
"J:/Unreal/UA-RV-VRProject/Content/Models/shield_DefaultMaterial_Specular.uexp" 313
"J:/Unreal/UA-RV-VRProject/Content/Models/Material_002.uasset" 314
"J:/Unreal/UA-RV-VRProject/Content/Models/Material_002.uexp" 315
"J:/Unreal/UA-RV-VRProject/Content/Models/Shield.ubulk" 316
"J:/Unreal/UA-RV-VRProject/Content/Models/Shield.uasset" 317
"J:/Unreal/UA-RV-VRProject/Content/Models/Shield.uexp" 318
"J:/Unreal/UA-RV-VRProject/Content/Textures/T_Scifi_Panel6_difusse.ubulk" 319
"J:/Unreal/UA-RV-VRProject/Content/Textures/T_Scifi_Panel6_difusse.uasset" 320
"J:/Unreal/UA-RV-VRProject/Content/Textures/T_Scifi_Panel6_difusse.uexp" 321
"J:/Unreal/UA-RV-VRProject/Content/Materials/M_Scifi_Panel6_difusse_Mat.uasset" 322
"J:/Unreal/UA-RV-VRProject/Content/Materials/M_Scifi_Panel6_difusse_Mat.uexp" 323
"J:/Unreal/UA-RV-VRProject/Content/Textures/T_Baldosa_difusse.ubulk" 324
"J:/Unreal/UA-RV-VRProject/Content/Textures/T_Baldosa_difusse.uasset" 325
"J:/Unreal/UA-RV-VRProject/Content/Textures/T_Baldosa_difusse.uexp" 326
"J:/Unreal/UA-RV-VRProject/Content/Materials/M_Baldosa_difusse_Mat.uasset" 327
"J:/Unreal/UA-RV-VRProject/Content/Materials/M_Baldosa_difusse_Mat.uexp" 328
"J:/Unreal/UA-RV-VRProject/Content/Models/Axe_PhysicsAsset.uasset" 329
"J:/Unreal/UA-RV-VRProject/Content/Models/Axe_PhysicsAsset.uexp" 330
"J:/Unreal/UA-RV-VRProject/Content/Textures/T_Axe_Material_Diffuse.ubulk" 331
"J:/Unreal/UA-RV-VRProject/Content/Textures/T_Axe_Material_Diffuse.uasset" 332
"J:/Unreal/UA-RV-VRProject/Content/Textures/T_Axe_Material_Diffuse.uexp" 333
"J:/Unreal/UA-RV-VRProject/Content/Textures/T_Axe_Material_Normal.ubulk" 334
"J:/Unreal/UA-RV-VRProject/Content/Textures/T_Axe_Material_Normal.uasset" 335
"J:/Unreal/UA-RV-VRProject/Content/Textures/T_Axe_Material_Normal.uexp" 336
"J:/Unreal/UA-RV-VRProject/Content/Textures/T_Axe_Material_Specular.ubulk" 337
"J:/Unreal/UA-RV-VRProject/Content/Textures/T_Axe_Material_Specular.uasset" 338
"J:/Unreal/UA-RV-VRProject/Content/Textures/T_Axe_Material_Specular.uexp" 339
"J:/Unreal/UA-RV-VRProject/Content/Materials/M_Material_003_Axe.uasset" 340
"J:/Unreal/UA-RV-VRProject/Content/Materials/M_Material_003_Axe.uexp" 341
"J:/Unreal/UA-RV-VRProject/Content/Models/pistol_Skeleton.uasset" 342
"J:/Unreal/UA-RV-VRProject/Content/Models/pistol_Skeleton.uexp" 343
"J:/Unreal/UA-RV-VRProject/Content/Models/Axe.uasset" 344
"J:/Unreal/UA-RV-VRProject/Content/Models/Axe.uexp" 345
"J:/Unreal/UA-RV-VRProject/Content/Textures/T_MetaQuestTouchPlus_right_BaseColor.ubulk" 346
"J:/Unreal/UA-RV-VRProject/Content/Textures/T_MetaQuestTouchPlus_right_BaseColor.uasset" 347
"J:/Unreal/UA-RV-VRProject/Content/Textures/T_MetaQuestTouchPlus_right_BaseColor.uexp" 348
"J:/Unreal/UA-RV-VRProject/Content/Materials/M_MetaQuestTouchPlus_right_BaseColor_Mat.uasset" 349
"J:/Unreal/UA-RV-VRProject/Content/Materials/M_MetaQuestTouchPlus_right_BaseColor_Mat.uexp" 350
"J:/Unreal/UA-RV-VRProject/Content/Textures/T_MetaQuestTouchPlus_Left_BaseColor.ubulk" 351
"J:/Unreal/UA-RV-VRProject/Content/Textures/T_MetaQuestTouchPlus_Left_BaseColor.uasset" 352
"J:/Unreal/UA-RV-VRProject/Content/Textures/T_MetaQuestTouchPlus_Left_BaseColor.uexp" 353
"J:/Unreal/UA-RV-VRProject/Content/Materials/M_MetaQuestTouchPlus_Left_BaseColor_Mat.uasset" 354
"J:/Unreal/UA-RV-VRProject/Content/Materials/M_MetaQuestTouchPlus_Left_BaseColor_Mat.uexp" 355
"J:/Unreal/UA-RV-VRProject/Content/Textures/T_shield_DefaultMaterial_Specular.ubulk" 356
"J:/Unreal/UA-RV-VRProject/Content/Textures/T_shield_DefaultMaterial_Specular.uasset" 357
"J:/Unreal/UA-RV-VRProject/Content/Textures/T_shield_DefaultMaterial_Specular.uexp" 358
"J:/Unreal/UA-RV-VRProject/Content/Textures/T_shield_DefaultMaterial_Normal.ubulk" 359
"J:/Unreal/UA-RV-VRProject/Content/Textures/T_shield_DefaultMaterial_Normal.uasset" 360
"J:/Unreal/UA-RV-VRProject/Content/Textures/T_shield_DefaultMaterial_Normal.uexp" 361
"J:/Unreal/UA-RV-VRProject/Content/Materials/M_Material_002_Shield.uasset" 362
"J:/Unreal/UA-RV-VRProject/Content/Materials/M_Material_002_Shield.uexp" 363
"J:/Unreal/UA-RV-VRProject/Content/Textures/T_Columna_Diffuse.ubulk" 364
"J:/Unreal/UA-RV-VRProject/Content/Textures/T_Columna_Diffuse.uasset" 365
"J:/Unreal/UA-RV-VRProject/Content/Textures/T_Columna_Diffuse.uexp" 366
"J:/Unreal/UA-RV-VRProject/Content/Materials/M_Columna_Mat.uasset" 367
"J:/Unreal/UA-RV-VRProject/Content/Materials/M_Columna_Mat.uexp" 368
"J:/Unreal/UA-RV-VRProject/Content/Game/Material.uasset" 369
"J:/Unreal/UA-RV-VRProject/Content/Game/Material.uexp" 370
"J:/Unreal/UA-RV-VRProject/Content/Game/martillo.ubulk" 371
"J:/Unreal/UA-RV-VRProject/Content/Game/martillo.uasset" 372
"J:/Unreal/UA-RV-VRProject/Content/Game/martillo.uexp" 373
"../../../Engine/Content/BasicShapes/Cube.ubulk" 374
"../../../Engine/Content/BasicShapes/Cube.uasset" 375
"../../../Engine/Content/BasicShapes/Cube.uexp" 376
"../../../Engine/Content/EngineMaterials/DefaultMaterial.uasset" 377
"../../../Engine/Content/EngineMaterials/DefaultMaterial.uexp" 378
"../../../Engine/Content/BasicShapes/Sphere.ubulk" 379
"../../../Engine/Content/BasicShapes/Sphere.uasset" 380
"../../../Engine/Content/BasicShapes/Sphere.uexp" 381
"J:/Unreal/UA-RV-VRProject/Content/Materials/M_RestartButton.uasset" 382
"J:/Unreal/UA-RV-VRProject/Content/Materials/M_RestartButton.uexp" 383
"J:/Unreal/UA-RV-VRProject/Content/Game/Input/IA_Shot.uasset" 384
"J:/Unreal/UA-RV-VRProject/Content/Game/Input/IA_Shot.uexp" 385
"J:/Unreal/UA-RV-VRProject/Content/Game/Input/IA_Move.uasset" 386
"J:/Unreal/UA-RV-VRProject/Content/Game/Input/IA_Move.uexp" 387
"J:/Unreal/UA-RV-VRProject/Content/Materials/M_controllerMATstingrayRT.uasset" 388
"J:/Unreal/UA-RV-VRProject/Content/Materials/M_controllerMATstingrayRT.uexp" 389
"J:/Unreal/UA-RV-VRProject/Content/Textures/T_batteryIndicatorTexture32.ubulk" 390
"J:/Unreal/UA-RV-VRProject/Content/Textures/T_batteryIndicatorTexture32.uasset" 391
"J:/Unreal/UA-RV-VRProject/Content/Textures/T_batteryIndicatorTexture32.uexp" 392
"J:/Unreal/UA-RV-VRProject/Content/Materials/M_batteryIndicator_mat.uasset" 393
"J:/Unreal/UA-RV-VRProject/Content/Materials/M_batteryIndicator_mat.uexp" 394
"J:/Unreal/UA-RV-VRProject/Content/Models/Controllers/MetaQuestTouchPro_Left_PhysicsAsset.uasset" 395
"J:/Unreal/UA-RV-VRProject/Content/Models/Controllers/MetaQuestTouchPro_Left_PhysicsAsset.uexp" 396
"J:/Unreal/UA-RV-VRProject/Content/Textures/T_controller_l_lo_BaseColor.ubulk" 397
"J:/Unreal/UA-RV-VRProject/Content/Textures/T_controller_l_lo_BaseColor.uasset" 398
"J:/Unreal/UA-RV-VRProject/Content/Textures/T_controller_l_lo_BaseColor.uexp" 399
"J:/Unreal/UA-RV-VRProject/Content/Materials/M_controllerMATphongLT.uasset" 400
"J:/Unreal/UA-RV-VRProject/Content/Materials/M_controllerMATphongLT.uexp" 401
"J:/Unreal/UA-RV-VRProject/Content/Models/Controllers/MetaQuestTouchPro_Right_Skeleton.uasset" 402
"J:/Unreal/UA-RV-VRProject/Content/Models/Controllers/MetaQuestTouchPro_Right_Skeleton.uexp" 403
"J:/Unreal/UA-RV-VRProject/Content/Models/Controllers/MetaQuestTouchPro_Left.uasset" 404
"J:/Unreal/UA-RV-VRProject/Content/Models/Controllers/MetaQuestTouchPro_Left.uexp" 405
"J:/Unreal/UA-RV-VRProject/Content/Models/Axe_Static.ubulk" 406
"J:/Unreal/UA-RV-VRProject/Content/Models/Axe_Static.uasset" 407
"J:/Unreal/UA-RV-VRProject/Content/Models/Axe_Static.uexp" 408
"../../../Engine/Content/BasicShapes/BasicShapeMaterial.uasset" 409
"../../../Engine/Content/BasicShapes/BasicShapeMaterial.uexp" 410
"J:/Unreal/UA-RV-VRProject/Content/Game/BP_CajaFragil.uasset" 411
"J:/Unreal/UA-RV-VRProject/Content/Game/BP_CajaFragil.uexp" 412
"J:/Unreal/UA-RV-VRProject/Content/Materials/M_Outline_mat.uasset" 413
"J:/Unreal/UA-RV-VRProject/Content/Materials/M_Outline_mat.uexp" 414
"J:/Unreal/UA-RV-VRProject/Content/Materials/Mi_Outline_mat_Inst.uasset" 415
"J:/Unreal/UA-RV-VRProject/Content/Materials/Mi_Outline_mat_Inst.uexp" 416
"J:/Unreal/UA-RV-VRProject/Content/Game/BP_Interactable.uasset" 417
"J:/Unreal/UA-RV-VRProject/Content/Game/BP_Interactable.uexp" 418
"J:/Unreal/UA-RV-VRProject/Content/Game/BP_Martillo2.uasset" 419
"J:/Unreal/UA-RV-VRProject/Content/Game/BP_Martillo2.uexp" 420
"J:/Unreal/UA-RV-VRProject/Content/Game/Input/IA_Interact.uasset" 421
"J:/Unreal/UA-RV-VRProject/Content/Game/Input/IA_Interact.uexp" 422
"J:/Unreal/UA-RV-VRProject/Content/Game/Input/IA_Look.uasset" 423
"J:/Unreal/UA-RV-VRProject/Content/Game/Input/IA_Look.uexp" 424
"J:/Unreal/UA-RV-VRProject/Content/Game/Input/IA_Teleport.uasset" 425
"J:/Unreal/UA-RV-VRProject/Content/Game/Input/IA_Teleport.uexp" 426
"J:/Unreal/UA-RV-VRProject/Content/Game/Input/IMC_Game.uasset" 427
"J:/Unreal/UA-RV-VRProject/Content/Game/Input/IMC_Game.uexp" 428
"J:/Unreal/UA-RV-VRProject/Content/Textures/T_controller_r_lo_BaseColor.ubulk" 429
"J:/Unreal/UA-RV-VRProject/Content/Textures/T_controller_r_lo_BaseColor.uasset" 430
"J:/Unreal/UA-RV-VRProject/Content/Textures/T_controller_r_lo_BaseColor.uexp" 431
"J:/Unreal/UA-RV-VRProject/Content/Materials/M_controllerMATphongRT.uasset" 432
"J:/Unreal/UA-RV-VRProject/Content/Materials/M_controllerMATphongRT.uexp" 433
"J:/Unreal/UA-RV-VRProject/Content/Models/Controllers/MetaQuestTouchPro_Right_PhysicsAsset.uasset" 434
"J:/Unreal/UA-RV-VRProject/Content/Models/Controllers/MetaQuestTouchPro_Right_PhysicsAsset.uexp" 435
"J:/Unreal/UA-RV-VRProject/Content/Models/Controllers/MetaQuestTouchPro_Right.uasset" 436
"J:/Unreal/UA-RV-VRProject/Content/Models/Controllers/MetaQuestTouchPro_Right.uexp" 437
"J:/Unreal/UA-RV-VRProject/Content/Models/BeamMesh.ubulk" 438
"J:/Unreal/UA-RV-VRProject/Content/Models/BeamMesh.uasset" 439
"J:/Unreal/UA-RV-VRProject/Content/Models/BeamMesh.uexp" 440
"J:/Unreal/UA-RV-VRProject/Content/Audio/S_laser_sound.ubulk" 441
"J:/Unreal/UA-RV-VRProject/Content/Audio/S_laser_sound.uasset" 442
"J:/Unreal/UA-RV-VRProject/Content/Audio/S_laser_sound.uexp" 443
"J:/Unreal/UA-RV-VRProject/Content/Models/pistol_PhysicsAsset.uasset" 444
"J:/Unreal/UA-RV-VRProject/Content/Models/pistol_PhysicsAsset.uexp" 445
"J:/Unreal/UA-RV-VRProject/Content/Textures/T_Pistola_Material_Specular.ubulk" 446
"J:/Unreal/UA-RV-VRProject/Content/Textures/T_Pistola_Material_Specular.uasset" 447
"J:/Unreal/UA-RV-VRProject/Content/Textures/T_Pistola_Material_Specular.uexp" 448
"J:/Unreal/UA-RV-VRProject/Content/Textures/T_Pistola_Material_Diffuse.ubulk" 449
"J:/Unreal/UA-RV-VRProject/Content/Textures/T_Pistola_Material_Diffuse.uasset" 450
"J:/Unreal/UA-RV-VRProject/Content/Textures/T_Pistola_Material_Diffuse.uexp" 451
"J:/Unreal/UA-RV-VRProject/Content/Textures/T_Pistola_Material_Normal.ubulk" 452
"J:/Unreal/UA-RV-VRProject/Content/Textures/T_Pistola_Material_Normal.uasset" 453
"J:/Unreal/UA-RV-VRProject/Content/Textures/T_Pistola_Material_Normal.uexp" 454
"J:/Unreal/UA-RV-VRProject/Content/Materials/M_Material_002.uasset" 455
"J:/Unreal/UA-RV-VRProject/Content/Materials/M_Material_002.uexp" 456
"J:/Unreal/UA-RV-VRProject/Content/Models/pistol.uasset" 457
"J:/Unreal/UA-RV-VRProject/Content/Models/pistol.uexp" 458
"J:/Unreal/UA-RV-VRProject/Content/Materials/M_Beam_Laser.uasset" 459
"J:/Unreal/UA-RV-VRProject/Content/Materials/M_Beam_Laser.uexp" 460
"J:/Unreal/UA-RV-VRProject/Content/Effects/NS_LaserBeam.uasset" 461
"J:/Unreal/UA-RV-VRProject/Content/Effects/NS_LaserBeam.uexp" 462
"J:/Unreal/UA-RV-VRProject/Content/Game/BP_BaseBullet.uasset" 463
"J:/Unreal/UA-RV-VRProject/Content/Game/BP_BaseBullet.uexp" 464
"../../../Engine/Content/BasicShapes/Cylinder.ubulk" 465
"../../../Engine/Content/BasicShapes/Cylinder.uasset" 466
"../../../Engine/Content/BasicShapes/Cylinder.uexp" 467
"J:/Unreal/UA-RV-VRProject/Content/Audio/S_DoorOpen.ubulk" 468
"J:/Unreal/UA-RV-VRProject/Content/Audio/S_DoorOpen.uasset" 469
"J:/Unreal/UA-RV-VRProject/Content/Audio/S_DoorOpen.uexp" 470
"J:/Unreal/UA-RV-VRProject/Content/Textures/T_Scifi_Panel6_difusse_AZUL.ubulk" 471
"J:/Unreal/UA-RV-VRProject/Content/Textures/T_Scifi_Panel6_difusse_AZUL.uasset" 472
"J:/Unreal/UA-RV-VRProject/Content/Textures/T_Scifi_Panel6_difusse_AZUL.uexp" 473
"J:/Unreal/UA-RV-VRProject/Content/Materials/M_Scifi_Panel6_difusse_AZUL_Mat.uasset" 474
"J:/Unreal/UA-RV-VRProject/Content/Materials/M_Scifi_Panel6_difusse_AZUL_Mat.uexp" 475
"J:/Unreal/UA-RV-VRProject/Content/Game/BP_Door.uasset" 476
"J:/Unreal/UA-RV-VRProject/Content/Game/BP_Door.uexp" 477
"J:/Unreal/UA-RV-VRProject/Content/Game/BP_StartButton.uasset" 478
"J:/Unreal/UA-RV-VRProject/Content/Game/BP_StartButton.uexp" 479
"J:/Unreal/UA-RV-VRProject/Content/Textures/T_Robot_3_Specular.ubulk" 480
"J:/Unreal/UA-RV-VRProject/Content/Textures/T_Robot_3_Specular.uasset" 481
"J:/Unreal/UA-RV-VRProject/Content/Textures/T_Robot_3_Specular.uexp" 482
"J:/Unreal/UA-RV-VRProject/Content/Textures/T_Robot_3_Normal.ubulk" 483
"J:/Unreal/UA-RV-VRProject/Content/Textures/T_Robot_3_Normal.uasset" 484
"J:/Unreal/UA-RV-VRProject/Content/Textures/T_Robot_3_Normal.uexp" 485
"J:/Unreal/UA-RV-VRProject/Content/Textures/T_Robot_3_Diffuse.ubulk" 486
"J:/Unreal/UA-RV-VRProject/Content/Textures/T_Robot_3_Diffuse.uasset" 487
"J:/Unreal/UA-RV-VRProject/Content/Textures/T_Robot_3_Diffuse.uexp" 488
"J:/Unreal/UA-RV-VRProject/Content/Materials/M_Robot3.uasset" 489
"J:/Unreal/UA-RV-VRProject/Content/Materials/M_Robot3.uexp" 490
"J:/Unreal/UA-RV-VRProject/Content/Materials/M_Material.uasset" 491
"J:/Unreal/UA-RV-VRProject/Content/Materials/M_Material.uexp" 492
"J:/Unreal/UA-RV-VRProject/Content/Models/drone.ubulk" 493
"J:/Unreal/UA-RV-VRProject/Content/Models/drone.uasset" 494
"J:/Unreal/UA-RV-VRProject/Content/Models/drone.uexp" 495
"J:/Unreal/UA-RV-VRProject/Content/Game/BP_Target.uasset" 496
"J:/Unreal/UA-RV-VRProject/Content/Game/BP_Target.uexp" 497
"J:/Unreal/UA-RV-VRProject/Content/Game/BP_GameMode.uasset" 498
"J:/Unreal/UA-RV-VRProject/Content/Game/BP_GameMode.uexp" 499
"J:/Unreal/UA-RV-VRProject/Content/Audio/S_crate-break.ubulk" 500
"J:/Unreal/UA-RV-VRProject/Content/Audio/S_crate-break.uasset" 501
"J:/Unreal/UA-RV-VRProject/Content/Audio/S_crate-break.uexp" 502
"J:/Unreal/UA-RV-VRProject/Content/Textures/T_bullet_hole.uasset" 503
"J:/Unreal/UA-RV-VRProject/Content/Textures/T_bullet_hole.uexp" 504
"J:/Unreal/UA-RV-VRProject/Content/Materials/M_T_TCom_Broke_Mat.uasset" 505
"J:/Unreal/UA-RV-VRProject/Content/Materials/M_T_TCom_Broke_Mat.uexp" 506
"J:/Unreal/UA-RV-VRProject/Content/Game/BP_Gun.uasset" 507
"J:/Unreal/UA-RV-VRProject/Content/Game/BP_Gun.uexp" 508
"J:/Unreal/UA-RV-VRProject/Content/Game/BP_PlayerPawn.uasset" 509
"J:/Unreal/UA-RV-VRProject/Content/Game/BP_PlayerPawn.uexp" 510
"J:/Unreal/UA-RV-VRProject/Content/Game/BP_Palanca.uasset" 511
"J:/Unreal/UA-RV-VRProject/Content/Game/BP_Palanca.uexp" 512
"../../../Engine/Plugins/Runtime/MeshModelingToolset/Content/Materials/M_DynamicMeshComponentVtxColor.uasset" 513
"../../../Engine/Plugins/Runtime/MeshModelingToolset/Content/Materials/M_DynamicMeshComponentVtxColor.uexp" 514
"../../../Engine/Plugins/Marketplace/MetaXR/Content/Textures/CRT_DistanceMap.uasset" 515
"../../../Engine/Plugins/Marketplace/MetaXR/Content/Textures/CRT_DistanceMap.uexp" 516
"../../../Engine/Plugins/Marketplace/MetaXR/Content/Meshes/SM_Bevelcube.ubulk" 517
"../../../Engine/Plugins/Marketplace/MetaXR/Content/Meshes/SM_Bevelcube.uasset" 518
"../../../Engine/Plugins/Marketplace/MetaXR/Content/Meshes/SM_Bevelcube.uexp" 519
"../../../Engine/Plugins/Marketplace/MetaXR/Content/Materials/PokeAHoleMaterial.uasset" 520
"../../../Engine/Plugins/Marketplace/MetaXR/Content/Materials/PokeAHoleMaterial.uexp" 521
"../../../Engine/Plugins/Marketplace/MetaXR/Content/Materials/OculusMR_OpaqueColoredMaterial.uasset" 522
"../../../Engine/Plugins/Marketplace/MetaXR/Content/Materials/OculusMR_OpaqueColoredMaterial.uexp" 523
"../../../Engine/Plugins/Marketplace/MetaXR/Content/Materials/M_SceneObjectMask.uasset" 524
"../../../Engine/Plugins/Marketplace/MetaXR/Content/Materials/M_SceneObjectMask.uexp" 525
"../../../Engine/Plugins/Marketplace/MetaXR/Content/Textures/CRT_JumpFlood1.uasset" 526
"../../../Engine/Plugins/Marketplace/MetaXR/Content/Textures/CRT_JumpFlood1.uexp" 527
"../../../Engine/Content/Functions/Engine_MaterialFunctions02/Utility/BreakOutFloat4Components.uasset" 528
"../../../Engine/Content/Functions/Engine_MaterialFunctions02/Utility/BreakOutFloat4Components.uexp" 529
"../../../Engine/Content/Functions/Engine_MaterialFunctions02/Utility/MakeFloat3.uasset" 530
"../../../Engine/Content/Functions/Engine_MaterialFunctions02/Utility/MakeFloat3.uexp" 531
"../../../Engine/Content/Functions/Engine_MaterialFunctions01/Texturing/PointSampledUVs.uasset" 532
"../../../Engine/Content/Functions/Engine_MaterialFunctions01/Texturing/PointSampledUVs.uexp" 533
"../../../Engine/Plugins/Marketplace/MetaXR/Content/Materials/M_JFAPass.uasset" 534
"../../../Engine/Plugins/Marketplace/MetaXR/Content/Materials/M_JFAPass.uexp" 535
"../../../Engine/Plugins/Marketplace/MetaXR/Content/Materials/M_FloorMask.uasset" 536
"../../../Engine/Plugins/Marketplace/MetaXR/Content/Materials/M_FloorMask.uexp" 537
"../../../Engine/Plugins/Marketplace/MetaXR/Content/Textures/CRT_JumpFlood2.uasset" 538
"../../../Engine/Plugins/Marketplace/MetaXR/Content/Textures/CRT_JumpFlood2.uexp" 539
"../../../Engine/Plugins/Marketplace/MetaXR/Content/Materials/M_DistanceMapOccupied.uasset" 540
"../../../Engine/Plugins/Marketplace/MetaXR/Content/Materials/M_DistanceMapOccupied.uexp" 541
"../../../Engine/Plugins/Marketplace/MetaXR/Content/Materials/M_DistanceMapFree.uasset" 542
"../../../Engine/Plugins/Marketplace/MetaXR/Content/Materials/M_DistanceMapFree.uexp" 543
"../../../Engine/Plugins/Marketplace/MetaXR/Content/Materials/M_DistanceMapAll.uasset" 544
"../../../Engine/Plugins/Marketplace/MetaXR/Content/Materials/M_DistanceMapAll.uexp" 545
"../../../Engine/Plugins/Marketplace/MetaXR/Content/Textures/CRT_Mask.uasset" 546
"../../../Engine/Plugins/Marketplace/MetaXR/Content/Textures/CRT_Mask.uexp" 547
"../../../Engine/Content/Functions/Engine_MaterialFunctions02/Utility/MakeFloat4.uasset" 548
"../../../Engine/Content/Functions/Engine_MaterialFunctions02/Utility/MakeFloat4.uexp" 549
"../../../Engine/Content/Functions/Engine_MaterialFunctions02/Utility/BreakOutFloat2Components.uasset" 550
"../../../Engine/Content/Functions/Engine_MaterialFunctions02/Utility/BreakOutFloat2Components.uexp" 551
"../../../Engine/Plugins/Marketplace/MetaXR/Content/Materials/M_CreateMask.uasset" 552
"../../../Engine/Plugins/Marketplace/MetaXR/Content/Materials/M_CreateMask.uexp" 553
"../../../Engine/Plugins/Marketplace/MetaXR/Content/Materials/MPC_Highlights.uasset" 554
"../../../Engine/Plugins/Marketplace/MetaXR/Content/Materials/MPC_Highlights.uexp" 555
"../../../Engine/Plugins/Marketplace/MetaXR/Content/Textures/T_BlobShadow.ubulk" 556
"../../../Engine/Plugins/Marketplace/MetaXR/Content/Textures/T_BlobShadow.uasset" 557
"../../../Engine/Plugins/Marketplace/MetaXR/Content/Textures/T_BlobShadow.uexp" 558
"../../../Engine/Content/Functions/Engine_MaterialFunctions02/Utility/MakeFloat2.uasset" 559
"../../../Engine/Content/Functions/Engine_MaterialFunctions02/Utility/MakeFloat2.uexp" 560
"../../../Engine/Content/Functions/Engine_MaterialFunctions02/Utility/VectorLength.uasset" 561
"../../../Engine/Content/Functions/Engine_MaterialFunctions02/Utility/VectorLength.uexp" 562
"../../../Engine/Content/Functions/Engine_MaterialFunctions02/WorldPositionOffset/V2/ObjectScale.uasset" 563
"../../../Engine/Content/Functions/Engine_MaterialFunctions02/WorldPositionOffset/V2/ObjectScale.uexp" 564
"../../../Engine/Plugins/Marketplace/MetaXR/Content/Materials/M_BlobShadow.uasset" 565
"../../../Engine/Plugins/Marketplace/MetaXR/Content/Materials/M_BlobShadow.uexp" 566
"../../../Engine/Plugins/Marketplace/MetaXR/Content/Materials/MI_BlobShadow.uasset" 567
"../../../Engine/Plugins/Marketplace/MetaXR/Content/Materials/MI_BlobShadow.uexp" 568
"../../../Engine/Content/Functions/Engine_MaterialFunctions02/Utility/CameraDirectionVector.uasset" 569
"../../../Engine/Content/Functions/Engine_MaterialFunctions02/Utility/CameraDirectionVector.uexp" 570
"../../../Engine/Content/Functions/Engine_MaterialFunctions01/Volumetrics/BeersLaw.uasset" 571
"../../../Engine/Content/Functions/Engine_MaterialFunctions01/Volumetrics/BeersLaw.uexp" 572
"../../../Engine/Content/EngineMaterials/Good64x64TilingNoiseHighFreq.uasset" 573
"../../../Engine/Content/EngineMaterials/Good64x64TilingNoiseHighFreq.uexp" 574
"../../../Engine/Content/Functions/Engine_MaterialFunctions02/Texturing/ScreenAlignedPixelToPixelUVs.uasset" 575
"../../../Engine/Content/Functions/Engine_MaterialFunctions02/Texturing/ScreenAlignedPixelToPixelUVs.uexp" 576
"../../../Engine/Content/Functions/Engine_MaterialFunctions02/Utility/BreakOutFloat3Components.uasset" 577
"../../../Engine/Content/Functions/Engine_MaterialFunctions02/Utility/BreakOutFloat3Components.uexp" 578
"../../../Engine/Content/Functions/Engine_MaterialFunctions03/Math/RemapValueRange.uasset" 579
"../../../Engine/Content/Functions/Engine_MaterialFunctions03/Math/RemapValueRange.uexp" 580
"../../../Engine/Plugins/Editor/SpeedTreeImporter/Content/SpeedTree9/game_wind_noise.ubulk" 581
"../../../Engine/Plugins/Editor/SpeedTreeImporter/Content/SpeedTree9/game_wind_noise.uasset" 582
"../../../Engine/Plugins/Editor/SpeedTreeImporter/Content/SpeedTree9/game_wind_noise.uexp" 583
"../../../Engine/Plugins/Editor/SpeedTreeImporter/Content/SpeedTree9/UnpackDirection.uasset" 584
"../../../Engine/Plugins/Editor/SpeedTreeImporter/Content/SpeedTree9/UnpackDirection.uexp" 585
"../../../Engine/Content/Functions/Engine_MaterialFunctions02/ObjectLocalBounds.uasset" 586
"../../../Engine/Content/Functions/Engine_MaterialFunctions02/ObjectLocalBounds.uexp" 587
"../../../Engine/Content/Functions/Engine_MaterialFunctions02/UVs/BoundingBoxBased_0-1_UVW.uasset" 588
"../../../Engine/Content/Functions/Engine_MaterialFunctions02/UVs/BoundingBoxBased_0-1_UVW.uexp" 589
"../../../Engine/Plugins/Editor/SpeedTreeImporter/Content/SpeedTree9/UnpackInteger3.uasset" 590
"../../../Engine/Plugins/Editor/SpeedTreeImporter/Content/SpeedTree9/UnpackInteger3.uexp" 591
"../../../Engine/Plugins/Editor/SpeedTreeImporter/Content/SpeedTree9/SpeedTreeCameraFacing.uasset" 592
"../../../Engine/Plugins/Editor/SpeedTreeImporter/Content/SpeedTree9/SpeedTreeCameraFacing.uexp" 593
"../../../Engine/Content/Functions/Engine_MaterialFunctions02/WorldPositionOffset/ObjectScale.uasset" 594
"../../../Engine/Content/Functions/Engine_MaterialFunctions02/WorldPositionOffset/ObjectScale.uexp" 595
"../../../Engine/Content/Functions/Engine_MaterialFunctions02/SafeNormalize.uasset" 596
"../../../Engine/Content/Functions/Engine_MaterialFunctions02/SafeNormalize.uexp" 597
"../../../Engine/Plugins/Editor/SpeedTreeImporter/Content/SpeedTree9/SpeedTreeWindMotion.uasset" 598
"../../../Engine/Plugins/Editor/SpeedTreeImporter/Content/SpeedTree9/SpeedTreeWindMotion.uexp" 599
"../../../Engine/Plugins/Editor/SpeedTreeImporter/Content/SpeedTree9/SpeedTreeBranchMotion.uasset" 600
"../../../Engine/Plugins/Editor/SpeedTreeImporter/Content/SpeedTree9/SpeedTreeBranchMotion.uexp" 601
"../../../Engine/Plugins/Editor/SpeedTreeImporter/Content/SpeedTree9/SpeedTreeWind.uasset" 602
"../../../Engine/Plugins/Editor/SpeedTreeImporter/Content/SpeedTree9/SpeedTreeWind.uexp" 603
"../../../Engine/Plugins/Editor/SpeedTreeImporter/Content/SpeedTree9/EmptyNormal.uasset" 604
"../../../Engine/Plugins/Editor/SpeedTreeImporter/Content/SpeedTree9/EmptyNormal.uexp" 605
"../../../Engine/Plugins/Editor/SpeedTreeImporter/Content/SpeedTree9/Empty.uasset" 606
"../../../Engine/Plugins/Editor/SpeedTreeImporter/Content/SpeedTree9/Empty.uexp" 607
"../../../Engine/Plugins/Editor/SpeedTreeImporter/Content/SpeedTree9/SpeedTreeMaster.uasset" 608
"../../../Engine/Plugins/Editor/SpeedTreeImporter/Content/SpeedTree9/SpeedTreeMaster.uexp" 609
"../../../Engine/Plugins/Editor/SpeedTreeImporter/Content/SpeedTree9/SpeedTreeBillboard.uasset" 610
"../../../Engine/Plugins/Editor/SpeedTreeImporter/Content/SpeedTree9/SpeedTreeBillboard.uexp" 611
"../../../Engine/Plugins/Editor/SpeedTreeImporter/Content/SpeedTree9/SpeedTreeBillboardMaster.uasset" 612
"../../../Engine/Plugins/Editor/SpeedTreeImporter/Content/SpeedTree9/SpeedTreeBillboardMaster.uexp" 613
"../../../Engine/Plugins/Animation/ControlRig/Content/Controls/DefaultGizmoLibraryNormalized.uasset" 614
"../../../Engine/Plugins/Animation/ControlRig/Content/Controls/DefaultGizmoLibraryNormalized.uexp" 615
"../../../Engine/Plugins/Animation/ControlRig/Content/Controls/ControlRig_Wedge_solid.ubulk" 616
"../../../Engine/Plugins/Animation/ControlRig/Content/Controls/ControlRig_Wedge_solid.uasset" 617
"../../../Engine/Plugins/Animation/ControlRig/Content/Controls/ControlRig_Wedge_solid.uexp" 618
"../../../Engine/Plugins/Animation/ControlRig/Content/Controls/ControlRig_Wedge_3mm.ubulk" 619
"../../../Engine/Plugins/Animation/ControlRig/Content/Controls/ControlRig_Wedge_3mm.uasset" 620
"../../../Engine/Plugins/Animation/ControlRig/Content/Controls/ControlRig_Wedge_3mm.uexp" 621
"../../../Engine/Plugins/Animation/ControlRig/Content/Controls/ControlRig_Wedge_1mm.ubulk" 622
"../../../Engine/Plugins/Animation/ControlRig/Content/Controls/ControlRig_Wedge_1mm.uasset" 623
"../../../Engine/Plugins/Animation/ControlRig/Content/Controls/ControlRig_Wedge_1mm.uexp" 624
"../../../Engine/Plugins/Animation/ControlRig/Content/Controls/ControlRig_Triangle_solid.ubulk" 625
"../../../Engine/Plugins/Animation/ControlRig/Content/Controls/ControlRig_Triangle_solid.uasset" 626
"../../../Engine/Plugins/Animation/ControlRig/Content/Controls/ControlRig_Triangle_solid.uexp" 627
"../../../Engine/Plugins/Animation/ControlRig/Content/Controls/ControlRig_Triangle_3mm.ubulk" 628
"../../../Engine/Plugins/Animation/ControlRig/Content/Controls/ControlRig_Triangle_3mm.uasset" 629
"../../../Engine/Plugins/Animation/ControlRig/Content/Controls/ControlRig_Triangle_3mm.uexp" 630
"../../../Engine/Plugins/Animation/ControlRig/Content/Controls/ControlRig_Triangle_1mm.ubulk" 631
"../../../Engine/Plugins/Animation/ControlRig/Content/Controls/ControlRig_Triangle_1mm.uasset" 632
"../../../Engine/Plugins/Animation/ControlRig/Content/Controls/ControlRig_Triangle_1mm.uexp" 633
"../../../Engine/Plugins/Animation/ControlRig/Content/Controls/ControlRig_Star4_solid.ubulk" 634
"../../../Engine/Plugins/Animation/ControlRig/Content/Controls/ControlRig_Star4_solid.uasset" 635
"../../../Engine/Plugins/Animation/ControlRig/Content/Controls/ControlRig_Star4_solid.uexp" 636
"../../../Engine/Plugins/Animation/ControlRig/Content/Controls/ControlRig_Star4_3mm.ubulk" 637
"../../../Engine/Plugins/Animation/ControlRig/Content/Controls/ControlRig_Star4_3mm.uasset" 638
"../../../Engine/Plugins/Animation/ControlRig/Content/Controls/ControlRig_Star4_3mm.uexp" 639
"../../../Engine/Plugins/Animation/ControlRig/Content/Controls/ControlRig_Star4_1mm.ubulk" 640
"../../../Engine/Plugins/Animation/ControlRig/Content/Controls/ControlRig_Star4_1mm.uasset" 641
"../../../Engine/Plugins/Animation/ControlRig/Content/Controls/ControlRig_Star4_1mm.uexp" 642
"../../../Engine/Plugins/Animation/ControlRig/Content/Controls/ControlRig_Square_solid.ubulk" 643
"../../../Engine/Plugins/Animation/ControlRig/Content/Controls/ControlRig_Square_solid.uasset" 644
"../../../Engine/Plugins/Animation/ControlRig/Content/Controls/ControlRig_Square_solid.uexp" 645
"../../../Engine/Plugins/Animation/ControlRig/Content/Controls/ControlRig_Square_3mm.ubulk" 646
"../../../Engine/Plugins/Animation/ControlRig/Content/Controls/ControlRig_Square_3mm.uasset" 647
"../../../Engine/Plugins/Animation/ControlRig/Content/Controls/ControlRig_Square_3mm.uexp" 648
"../../../Engine/Plugins/Animation/ControlRig/Content/Controls/ControlRig_Square_1mm.ubulk" 649
"../../../Engine/Plugins/Animation/ControlRig/Content/Controls/ControlRig_Square_1mm.uasset" 650
"../../../Engine/Plugins/Animation/ControlRig/Content/Controls/ControlRig_Square_1mm.uexp" 651
"../../../Engine/Plugins/Animation/ControlRig/Content/Controls/ControlRig_Sphere_solid.ubulk" 652
"../../../Engine/Plugins/Animation/ControlRig/Content/Controls/ControlRig_Sphere_solid.uasset" 653
"../../../Engine/Plugins/Animation/ControlRig/Content/Controls/ControlRig_Sphere_solid.uexp" 654
"../../../Engine/Plugins/Animation/ControlRig/Content/Controls/ControlRig_Sphere_3mm.ubulk" 655
"../../../Engine/Plugins/Animation/ControlRig/Content/Controls/ControlRig_Sphere_3mm.uasset" 656
"../../../Engine/Plugins/Animation/ControlRig/Content/Controls/ControlRig_Sphere_3mm.uexp" 657
"../../../Engine/Plugins/Animation/ControlRig/Content/Controls/ControlRig_Sphere_1mm.ubulk" 658
"../../../Engine/Plugins/Animation/ControlRig/Content/Controls/ControlRig_Sphere_1mm.uasset" 659
"../../../Engine/Plugins/Animation/ControlRig/Content/Controls/ControlRig_Sphere_1mm.uexp" 660
"../../../Engine/Plugins/Animation/ControlRig/Content/Controls/ControlRig_RoundedTriangle_solid.ubulk" 661
"../../../Engine/Plugins/Animation/ControlRig/Content/Controls/ControlRig_RoundedTriangle_solid.uasset" 662
"../../../Engine/Plugins/Animation/ControlRig/Content/Controls/ControlRig_RoundedTriangle_solid.uexp" 663
"../../../Engine/Plugins/Animation/ControlRig/Content/Controls/ControlRig_RoundedTriangle_3mm.ubulk" 664
"../../../Engine/Plugins/Animation/ControlRig/Content/Controls/ControlRig_RoundedTriangle_3mm.uasset" 665
"../../../Engine/Plugins/Animation/ControlRig/Content/Controls/ControlRig_RoundedTriangle_3mm.uexp" 666
"../../../Engine/Plugins/Animation/ControlRig/Content/Controls/ControlRig_RoundedTriangle_1mm.ubulk" 667
"../../../Engine/Plugins/Animation/ControlRig/Content/Controls/ControlRig_RoundedTriangle_1mm.uasset" 668
"../../../Engine/Plugins/Animation/ControlRig/Content/Controls/ControlRig_RoundedTriangle_1mm.uexp" 669
"../../../Engine/Plugins/Animation/ControlRig/Content/Controls/ControlRig_RoundedSquare_solid.ubulk" 670
"../../../Engine/Plugins/Animation/ControlRig/Content/Controls/ControlRig_RoundedSquare_solid.uasset" 671
"../../../Engine/Plugins/Animation/ControlRig/Content/Controls/ControlRig_RoundedSquare_solid.uexp" 672
"../../../Engine/Plugins/Animation/ControlRig/Content/Controls/ControlRig_RoundedSquare_3mm.ubulk" 673
"../../../Engine/Plugins/Animation/ControlRig/Content/Controls/ControlRig_RoundedSquare_3mm.uasset" 674
"../../../Engine/Plugins/Animation/ControlRig/Content/Controls/ControlRig_RoundedSquare_3mm.uexp" 675
"../../../Engine/Plugins/Animation/ControlRig/Content/Controls/ControlRig_RoundedSquare_1mm.ubulk" 676
"../../../Engine/Plugins/Animation/ControlRig/Content/Controls/ControlRig_RoundedSquare_1mm.uasset" 677
"../../../Engine/Plugins/Animation/ControlRig/Content/Controls/ControlRig_RoundedSquare_1mm.uexp" 678
"../../../Engine/Plugins/Animation/ControlRig/Content/Controls/ControlRig_QuarterCircle_solid.ubulk" 679
"../../../Engine/Plugins/Animation/ControlRig/Content/Controls/ControlRig_QuarterCircle_solid.uasset" 680
"../../../Engine/Plugins/Animation/ControlRig/Content/Controls/ControlRig_QuarterCircle_solid.uexp" 681
"../../../Engine/Plugins/Animation/ControlRig/Content/Controls/ControlRig_QuarterCircle_3mm.ubulk" 682
"../../../Engine/Plugins/Animation/ControlRig/Content/Controls/ControlRig_QuarterCircle_3mm.uasset" 683
"../../../Engine/Plugins/Animation/ControlRig/Content/Controls/ControlRig_QuarterCircle_3mm.uexp" 684
"../../../Engine/Plugins/Animation/ControlRig/Content/Controls/ControlRig_QuarterCircle_1mm.ubulk" 685
"../../../Engine/Plugins/Animation/ControlRig/Content/Controls/ControlRig_QuarterCircle_1mm.uasset" 686
"../../../Engine/Plugins/Animation/ControlRig/Content/Controls/ControlRig_QuarterCircle_1mm.uexp" 687
"../../../Engine/Plugins/Animation/ControlRig/Content/Controls/ControlRig_Pyramid_solid.ubulk" 688
"../../../Engine/Plugins/Animation/ControlRig/Content/Controls/ControlRig_Pyramid_solid.uasset" 689
"../../../Engine/Plugins/Animation/ControlRig/Content/Controls/ControlRig_Pyramid_solid.uexp" 690
"../../../Engine/Plugins/Animation/ControlRig/Content/Controls/ControlRig_Pyramid_3mm.ubulk" 691
"../../../Engine/Plugins/Animation/ControlRig/Content/Controls/ControlRig_Pyramid_3mm.uasset" 692
"../../../Engine/Plugins/Animation/ControlRig/Content/Controls/ControlRig_Pyramid_3mm.uexp" 693
"../../../Engine/Plugins/Animation/ControlRig/Content/Controls/ControlRig_Pyramid_1mm.ubulk" 694
"../../../Engine/Plugins/Animation/ControlRig/Content/Controls/ControlRig_Pyramid_1mm.uasset" 695
"../../../Engine/Plugins/Animation/ControlRig/Content/Controls/ControlRig_Pyramid_1mm.uexp" 696
"../../../Engine/Plugins/Animation/ControlRig/Content/Controls/ControlRig_Octagon_solid.ubulk" 697
"../../../Engine/Plugins/Animation/ControlRig/Content/Controls/ControlRig_Octagon_solid.uasset" 698
"../../../Engine/Plugins/Animation/ControlRig/Content/Controls/ControlRig_Octagon_solid.uexp" 699
"../../../Engine/Plugins/Animation/ControlRig/Content/Controls/ControlRig_Octagon_3mm.ubulk" 700
"../../../Engine/Plugins/Animation/ControlRig/Content/Controls/ControlRig_Octagon_3mm.uasset" 701
"../../../Engine/Plugins/Animation/ControlRig/Content/Controls/ControlRig_Octagon_3mm.uexp" 702
"../../../Engine/Plugins/Animation/ControlRig/Content/Controls/ControlRig_Octagon_1mm.ubulk" 703
"../../../Engine/Plugins/Animation/ControlRig/Content/Controls/ControlRig_Octagon_1mm.uasset" 704
"../../../Engine/Plugins/Animation/ControlRig/Content/Controls/ControlRig_Octagon_1mm.uexp" 705
"../../../Engine/Plugins/Animation/ControlRig/Content/Controls/ControlRig_Hexagon_solid.ubulk" 706
"../../../Engine/Plugins/Animation/ControlRig/Content/Controls/ControlRig_Hexagon_solid.uasset" 707
"../../../Engine/Plugins/Animation/ControlRig/Content/Controls/ControlRig_Hexagon_solid.uexp" 708
"../../../Engine/Plugins/Animation/ControlRig/Content/Controls/ControlRig_Hexagon_3mm.ubulk" 709
"../../../Engine/Plugins/Animation/ControlRig/Content/Controls/ControlRig_Hexagon_3mm.uasset" 710
"../../../Engine/Plugins/Animation/ControlRig/Content/Controls/ControlRig_Hexagon_3mm.uexp" 711
"../../../Engine/Plugins/Animation/ControlRig/Content/Controls/ControlRig_Hexagon_1mm.ubulk" 712
"../../../Engine/Plugins/Animation/ControlRig/Content/Controls/ControlRig_Hexagon_1mm.uasset" 713
"../../../Engine/Plugins/Animation/ControlRig/Content/Controls/ControlRig_Hexagon_1mm.uexp" 714
"../../../Engine/Plugins/Animation/ControlRig/Content/Controls/ControlRig_HalfCircle_solid.ubulk" 715
"../../../Engine/Plugins/Animation/ControlRig/Content/Controls/ControlRig_HalfCircle_solid.uasset" 716
"../../../Engine/Plugins/Animation/ControlRig/Content/Controls/ControlRig_HalfCircle_solid.uexp" 717
"../../../Engine/Plugins/Animation/ControlRig/Content/Controls/ControlRig_HalfCircle_3mm.ubulk" 718
"../../../Engine/Plugins/Animation/ControlRig/Content/Controls/ControlRig_HalfCircle_3mm.uasset" 719
"../../../Engine/Plugins/Animation/ControlRig/Content/Controls/ControlRig_HalfCircle_3mm.uexp" 720
"../../../Engine/Plugins/Animation/ControlRig/Content/Controls/ControlRig_HalfCircle_1mm.ubulk" 721
"../../../Engine/Plugins/Animation/ControlRig/Content/Controls/ControlRig_HalfCircle_1mm.uasset" 722
"../../../Engine/Plugins/Animation/ControlRig/Content/Controls/ControlRig_HalfCircle_1mm.uexp" 723
"../../../Engine/Plugins/Animation/ControlRig/Content/Controls/ControlRig_Diamond_solid.ubulk" 724
"../../../Engine/Plugins/Animation/ControlRig/Content/Controls/ControlRig_Diamond_solid.uasset" 725
"../../../Engine/Plugins/Animation/ControlRig/Content/Controls/ControlRig_Diamond_solid.uexp" 726
"../../../Engine/Plugins/Animation/ControlRig/Content/Controls/ControlRig_Diamond_3mm.ubulk" 727
"../../../Engine/Plugins/Animation/ControlRig/Content/Controls/ControlRig_Diamond_3mm.uasset" 728
"../../../Engine/Plugins/Animation/ControlRig/Content/Controls/ControlRig_Diamond_3mm.uexp" 729
"../../../Engine/Plugins/Animation/ControlRig/Content/Controls/ControlRig_Diamond_1mm.ubulk" 730
"../../../Engine/Plugins/Animation/ControlRig/Content/Controls/ControlRig_Diamond_1mm.uasset" 731
"../../../Engine/Plugins/Animation/ControlRig/Content/Controls/ControlRig_Diamond_1mm.uexp" 732
"../../../Engine/Plugins/Animation/ControlRig/Content/Controls/ControlRig_Circle_solid.ubulk" 733
"../../../Engine/Plugins/Animation/ControlRig/Content/Controls/ControlRig_Circle_solid.uasset" 734
"../../../Engine/Plugins/Animation/ControlRig/Content/Controls/ControlRig_Circle_solid.uexp" 735
"../../../Engine/Plugins/Animation/ControlRig/Content/Controls/ControlRig_Circle_3mm.ubulk" 736
"../../../Engine/Plugins/Animation/ControlRig/Content/Controls/ControlRig_Circle_3mm.uasset" 737
"../../../Engine/Plugins/Animation/ControlRig/Content/Controls/ControlRig_Circle_3mm.uexp" 738
"../../../Engine/Plugins/Animation/ControlRig/Content/Controls/ControlRig_Circle_1mm.ubulk" 739
"../../../Engine/Plugins/Animation/ControlRig/Content/Controls/ControlRig_Circle_1mm.uasset" 740
"../../../Engine/Plugins/Animation/ControlRig/Content/Controls/ControlRig_Circle_1mm.uexp" 741
"../../../Engine/Plugins/Animation/ControlRig/Content/Controls/ControlRig_Box_solid.ubulk" 742
"../../../Engine/Plugins/Animation/ControlRig/Content/Controls/ControlRig_Box_solid.uasset" 743
"../../../Engine/Plugins/Animation/ControlRig/Content/Controls/ControlRig_Box_solid.uexp" 744
"../../../Engine/Plugins/Animation/ControlRig/Content/Controls/ControlRig_Box_3mm.ubulk" 745
"../../../Engine/Plugins/Animation/ControlRig/Content/Controls/ControlRig_Box_3mm.uasset" 746
"../../../Engine/Plugins/Animation/ControlRig/Content/Controls/ControlRig_Box_3mm.uexp" 747
"../../../Engine/Plugins/Animation/ControlRig/Content/Controls/ControlRig_Box_1mm.ubulk" 748
"../../../Engine/Plugins/Animation/ControlRig/Content/Controls/ControlRig_Box_1mm.uasset" 749
"../../../Engine/Plugins/Animation/ControlRig/Content/Controls/ControlRig_Box_1mm.uexp" 750
"../../../Engine/Plugins/Animation/ControlRig/Content/Controls/ControlRig_Arrow_solid.ubulk" 751
"../../../Engine/Plugins/Animation/ControlRig/Content/Controls/ControlRig_Arrow_solid.uasset" 752
"../../../Engine/Plugins/Animation/ControlRig/Content/Controls/ControlRig_Arrow_solid.uexp" 753
"../../../Engine/Plugins/Animation/ControlRig/Content/Controls/ControlRig_Arrow_3mm.ubulk" 754
"../../../Engine/Plugins/Animation/ControlRig/Content/Controls/ControlRig_Arrow_3mm.uasset" 755
"../../../Engine/Plugins/Animation/ControlRig/Content/Controls/ControlRig_Arrow_3mm.uexp" 756
"../../../Engine/Plugins/Animation/ControlRig/Content/Controls/ControlRig_Arrow_1mm.ubulk" 757
"../../../Engine/Plugins/Animation/ControlRig/Content/Controls/ControlRig_Arrow_1mm.uasset" 758
"../../../Engine/Plugins/Animation/ControlRig/Content/Controls/ControlRig_Arrow_1mm.uexp" 759
"../../../Engine/Plugins/Animation/ControlRig/Content/Controls/ControlRig_Arrow4_solid.ubulk" 760
"../../../Engine/Plugins/Animation/ControlRig/Content/Controls/ControlRig_Arrow4_solid.uasset" 761
"../../../Engine/Plugins/Animation/ControlRig/Content/Controls/ControlRig_Arrow4_solid.uexp" 762
"../../../Engine/Plugins/Animation/ControlRig/Content/Controls/ControlRig_Arrow4_3mm.ubulk" 763
"../../../Engine/Plugins/Animation/ControlRig/Content/Controls/ControlRig_Arrow4_3mm.uasset" 764
"../../../Engine/Plugins/Animation/ControlRig/Content/Controls/ControlRig_Arrow4_3mm.uexp" 765
"../../../Engine/Plugins/Animation/ControlRig/Content/Controls/ControlRig_Arrow4_1mm.ubulk" 766
"../../../Engine/Plugins/Animation/ControlRig/Content/Controls/ControlRig_Arrow4_1mm.uasset" 767
"../../../Engine/Plugins/Animation/ControlRig/Content/Controls/ControlRig_Arrow4_1mm.uexp" 768
"../../../Engine/Plugins/Animation/ControlRig/Content/Controls/ControlRig_Arrow2_solid.ubulk" 769
"../../../Engine/Plugins/Animation/ControlRig/Content/Controls/ControlRig_Arrow2_solid.uasset" 770
"../../../Engine/Plugins/Animation/ControlRig/Content/Controls/ControlRig_Arrow2_solid.uexp" 771
"../../../Engine/Plugins/Animation/ControlRig/Content/Controls/ControlRig_Arrow2_3mm.ubulk" 772
"../../../Engine/Plugins/Animation/ControlRig/Content/Controls/ControlRig_Arrow2_3mm.uasset" 773
"../../../Engine/Plugins/Animation/ControlRig/Content/Controls/ControlRig_Arrow2_3mm.uexp" 774
"../../../Engine/Plugins/Animation/ControlRig/Content/Controls/ControlRig_Arrow2_1mm.ubulk" 775
"../../../Engine/Plugins/Animation/ControlRig/Content/Controls/ControlRig_Arrow2_1mm.uasset" 776
"../../../Engine/Plugins/Animation/ControlRig/Content/Controls/ControlRig_Arrow2_1mm.uexp" 777
"../../../Engine/Plugins/Animation/ControlRig/Content/Controls/ControlRigXRayMaterial.uasset" 778
"../../../Engine/Plugins/Animation/ControlRig/Content/Controls/ControlRigXRayMaterial.uexp" 779
"../../../Engine/Plugins/Animation/ControlRig/Content/Controls/ControlRigGizmoMaterial.uasset" 780
"../../../Engine/Plugins/Animation/ControlRig/Content/Controls/ControlRigGizmoMaterial.uexp" 781
"../../../Engine/Content/VREditor/TransformGizmo/StartRotationHandleIndicator.ubulk" 782
"../../../Engine/Content/VREditor/TransformGizmo/StartRotationHandleIndicator.uasset" 783
"../../../Engine/Content/VREditor/TransformGizmo/StartRotationHandleIndicator.uexp" 784
"../../../Engine/Content/VREditor/Sounds/UI/Drop_Item_From_ContentBrowser.ubulk" 785
"../../../Engine/Content/VREditor/Sounds/UI/Drop_Item_From_ContentBrowser.uasset" 786
"../../../Engine/Content/VREditor/Sounds/UI/Drop_Item_From_ContentBrowser.uexp" 787
"../../../Engine/Content/VREditor/TransformGizmo/PlaneTranslationHandle.ubulk" 788
"../../../Engine/Content/VREditor/TransformGizmo/PlaneTranslationHandle.uasset" 789
"../../../Engine/Content/VREditor/TransformGizmo/PlaneTranslationHandle.uexp" 790
"../../../Engine/Content/VREditor/Sounds/UI/Object_Snaps_To_Grid.ubulk" 791
"../../../Engine/Content/VREditor/Sounds/UI/Object_Snaps_To_Grid.uasset" 792
"../../../Engine/Content/VREditor/Sounds/UI/Object_Snaps_To_Grid.uexp" 793
"../../../Engine/Content/VREditor/Sounds/UI/Selection_Changes.ubulk" 794
"../../../Engine/Content/VREditor/Sounds/UI/Selection_Changes.uasset" 795
"../../../Engine/Content/VREditor/Sounds/UI/Selection_Changes.uexp" 796
"../../../Engine/Content/VREditor/Sounds/UI/Object_Snaps_To_Another_Actor.ubulk" 797
"../../../Engine/Content/VREditor/Sounds/UI/Object_Snaps_To_Another_Actor.uasset" 798
"../../../Engine/Content/VREditor/Sounds/UI/Object_Snaps_To_Another_Actor.uexp" 799
"../../../Engine/Content/VREditor/TransformGizmo/TranslucentTransformGizmoMaterial_Inst.uasset" 800
"../../../Engine/Content/VREditor/TransformGizmo/TranslucentTransformGizmoMaterial_Inst.uexp" 801
"../../../Engine/Content/VREditor/TransformGizmo/TransformGizmoFreeRotation.ubulk" 802
"../../../Engine/Content/VREditor/TransformGizmo/TransformGizmoFreeRotation.uasset" 803
"../../../Engine/Content/VREditor/TransformGizmo/TransformGizmoFreeRotation.uexp" 804
"../../../Engine/Content/VREditor/Sounds/UI/Scaling_Down.ubulk" 805
"../../../Engine/Content/VREditor/Sounds/UI/Scaling_Down.uasset" 806
"../../../Engine/Content/VREditor/Sounds/UI/Scaling_Down.uexp" 807
"../../../Engine/Content/Functions/Engine_MaterialFunctions02/Math/Transform3x3Matrix.uasset" 808
"../../../Engine/Content/Functions/Engine_MaterialFunctions02/Math/Transform3x3Matrix.uexp" 809
"../../../Engine/Content/Functions/Engine_MaterialFunctions02/SplitComponents.uasset" 810
"../../../Engine/Content/Functions/Engine_MaterialFunctions02/SplitComponents.uexp" 811
"../../../Engine/Content/VREditor/SnapGrid/SnapGridMaterial.uasset" 812
"../../../Engine/Content/VREditor/SnapGrid/SnapGridMaterial.uexp" 813
"../../../Engine/Content/VREditor/SnapGrid/SnapGridPlaneMesh.ubulk" 814
"../../../Engine/Content/VREditor/SnapGrid/SnapGridPlaneMesh.uasset" 815
"../../../Engine/Content/VREditor/SnapGrid/SnapGridPlaneMesh.uexp" 816
"../../../Engine/Content/VREditor/Sounds/UI/Scaling_Up.ubulk" 817
"../../../Engine/Content/VREditor/Sounds/UI/Scaling_Up.uasset" 818
"../../../Engine/Content/VREditor/Sounds/UI/Scaling_Up.uexp" 819
"../../../Engine/Content/VREditor/TransformGizmo/TransformGizmoMaterial_Inst.uasset" 820
"../../../Engine/Content/VREditor/TransformGizmo/TransformGizmoMaterial_Inst.uexp" 821
"../../../Engine/Content/VREditor/Sounds/UI/Gizmo_Handle_Clicked.ubulk" 822
"../../../Engine/Content/VREditor/Sounds/UI/Gizmo_Handle_Clicked.uasset" 823
"../../../Engine/Content/VREditor/Sounds/UI/Gizmo_Handle_Clicked.uexp" 824
"../../../Engine/Content/VREditor/TransformGizmo/RotationHandleQuarter.ubulk" 825
"../../../Engine/Content/VREditor/TransformGizmo/RotationHandleQuarter.uasset" 826
"../../../Engine/Content/VREditor/TransformGizmo/RotationHandleQuarter.uexp" 827
"../../../Engine/Content/VREditor/TransformGizmo/TranslateArrowHandle.ubulk" 828
"../../../Engine/Content/VREditor/TransformGizmo/TranslateArrowHandle.uasset" 829
"../../../Engine/Content/VREditor/TransformGizmo/TranslateArrowHandle.uexp" 830
"../../../Engine/Content/VREditor/TransformGizmo/RotationHandleIndicator.ubulk" 831
"../../../Engine/Content/VREditor/TransformGizmo/RotationHandleIndicator.uasset" 832
"../../../Engine/Content/VREditor/TransformGizmo/RotationHandleIndicator.uexp" 833
"../../../Engine/Content/VREditor/TransformGizmo/UniformScaleHandle.ubulk" 834
"../../../Engine/Content/VREditor/TransformGizmo/UniformScaleHandle.uasset" 835
"../../../Engine/Content/VREditor/TransformGizmo/UniformScaleHandle.uexp" 836
"../../../Engine/Content/VREditor/TransformGizmo/RotationHandleFull.ubulk" 837
"../../../Engine/Content/VREditor/TransformGizmo/RotationHandleFull.uasset" 838
"../../../Engine/Content/VREditor/TransformGizmo/RotationHandleFull.uexp" 839
"../../../Engine/Content/VREditor/Sounds/UI/Object_PickUp.ubulk" 840
"../../../Engine/Content/VREditor/Sounds/UI/Object_PickUp.uasset" 841
"../../../Engine/Content/VREditor/Sounds/UI/Object_PickUp.uexp" 842
"../../../Engine/Content/EngineSounds/Master.uasset" 843
"../../../Engine/Content/EngineSounds/Master.uexp" 844
"../../../Engine/Content/EngineResources/WhiteSquareTexture.uasset" 845
"../../../Engine/Content/EngineResources/WhiteSquareTexture.uexp" 846
"../../../Engine/Content/EngineMaterials/Widget3DPassThrough.uasset" 847
"../../../Engine/Content/EngineMaterials/Widget3DPassThrough.uexp" 848
"../../../Engine/Content/EngineMaterials/Widget3DPassThrough_Translucent.uasset" 849
"../../../Engine/Content/EngineMaterials/Widget3DPassThrough_Translucent.uexp" 850
"../../../Engine/Content/EngineMaterials/Widget3DPassThrough_Translucent_OneSided.uasset" 851
"../../../Engine/Content/EngineMaterials/Widget3DPassThrough_Translucent_OneSided.uexp" 852
"../../../Engine/Content/EngineMaterials/Widget3DPassThrough_Opaque.uasset" 853
"../../../Engine/Content/EngineMaterials/Widget3DPassThrough_Opaque.uexp" 854
"../../../Engine/Content/EngineMaterials/Widget3DPassThrough_Opaque_OneSided.uasset" 855
"../../../Engine/Content/EngineMaterials/Widget3DPassThrough_Opaque_OneSided.uexp" 856
"../../../Engine/Content/EngineMaterials/Widget3DPassThrough_Masked_OneSided.uasset" 857
"../../../Engine/Content/EngineMaterials/Widget3DPassThrough_Masked_OneSided.uexp" 858
"../../../Engine/Content/EngineMaterials/Widget3DPassThrough_Masked.uasset" 859
"../../../Engine/Content/EngineMaterials/Widget3DPassThrough_Masked.uexp" 860
"../../../Engine/Content/EngineMaterials/STBlueNoise_vec2_128x128x64.uasset" 861
"../../../Engine/Content/EngineMaterials/STBlueNoise_vec2_128x128x64.uexp" 862
"../../../Engine/Content/EngineMaterials/STBlueNoise_scalar_128x128x64.uasset" 863
"../../../Engine/Content/EngineMaterials/STBlueNoise_scalar_128x128x64.uexp" 864
"../../../Engine/Content/EngineMaterials/RemoveSurfaceMaterial.uasset" 865
"../../../Engine/Content/EngineMaterials/RemoveSurfaceMaterial.uexp" 866
"../../../Engine/Content/EngineMaterials/DefaultCalibrationGrayscale.uasset" 867
"../../../Engine/Content/EngineMaterials/DefaultCalibrationGrayscale.uexp" 868
"../../../Engine/Content/EngineMaterials/PPM_DefaultCalibrationGrayscale.uasset" 869
"../../../Engine/Content/EngineMaterials/PPM_DefaultCalibrationGrayscale.uexp" 870
"../../../Engine/Content/EngineMaterials/DefaultCalibrationColor.uasset" 871
"../../../Engine/Content/EngineMaterials/DefaultCalibrationColor.uexp" 872
"../../../Engine/Content/EngineMaterials/PPM_DefaultCalibrationColor.uasset" 873
"../../../Engine/Content/EngineMaterials/PPM_DefaultCalibrationColor.uexp" 874
"../../../Engine/Content/EngineMaterials/PhAT_JointLimitMaterial.uasset" 875
"../../../Engine/Content/EngineMaterials/PhAT_JointLimitMaterial.uexp" 876
"../../../Engine/Content/EngineMaterials/NaniteHiddenSectionMaterial.uasset" 877
"../../../Engine/Content/EngineMaterials/NaniteHiddenSectionMaterial.uexp" 878
"../../../Engine/Content/EngineMaterials/InvalidLightmapSettings.ubulk" 879
"../../../Engine/Content/EngineMaterials/InvalidLightmapSettings.uasset" 880
"../../../Engine/Content/EngineMaterials/InvalidLightmapSettings.uexp" 881
"../../../Engine/Content/EngineMaterials/M_InvalidLightmapSettings.uasset" 882
"../../../Engine/Content/EngineMaterials/M_InvalidLightmapSettings.uexp" 883
"../../../Engine/Content/EngineMaterials/GizmoMaterial.uasset" 884
"../../../Engine/Content/EngineMaterials/GizmoMaterial.uexp" 885
"../../../Engine/Content/EngineMaterials/BaseFlattenEmissiveMap_VT.uasset" 886
"../../../Engine/Content/EngineMaterials/BaseFlattenEmissiveMap_VT.uexp" 887
"../../../Engine/Content/EngineMaterials/BaseFlattenGrayscaleMap_VT.uasset" 888
"../../../Engine/Content/EngineMaterials/BaseFlattenGrayscaleMap_VT.uexp" 889
"../../../Engine/Content/EngineMaterials/BaseFlattenLinearColor_VT.uasset" 890
"../../../Engine/Content/EngineMaterials/BaseFlattenLinearColor_VT.uexp" 891
"../../../Engine/Content/EngineMaterials/Black_1x1_EXR_Texture_VT.uasset" 892
"../../../Engine/Content/EngineMaterials/Black_1x1_EXR_Texture_VT.uexp" 893
"../../../Engine/Content/EngineMaterials/BaseFlattenDiffuseMap_VT.uasset" 894
"../../../Engine/Content/EngineMaterials/BaseFlattenDiffuseMap_VT.uexp" 895
"../../../Engine/Content/EngineMaterials/BaseFlattenNormalMap_VT.uasset" 896
"../../../Engine/Content/EngineMaterials/BaseFlattenNormalMap_VT.uexp" 897
"../../../Engine/Content/EngineMaterials/FlattenMaterial_WS_Normal_VT.uasset" 898
"../../../Engine/Content/EngineMaterials/FlattenMaterial_WS_Normal_VT.uexp" 899
"../../../Engine/Content/EngineMaterials/FlattenMaterial_VT.uasset" 900
"../../../Engine/Content/EngineMaterials/FlattenMaterial_VT.uexp" 901
"../../../Engine/Content/EngineMaterials/BaseFlattenGrayscaleMap.uasset" 902
"../../../Engine/Content/EngineMaterials/BaseFlattenGrayscaleMap.uexp" 903
"../../../Engine/Content/EngineMaterials/BaseFlattenDiffuseMap.uasset" 904
"../../../Engine/Content/EngineMaterials/BaseFlattenDiffuseMap.uexp" 905
"../../../Engine/Content/Functions/Engine_MaterialFunctions02/PivotPainter2/Black_1x1_EXR_Texture.uasset" 906
"../../../Engine/Content/Functions/Engine_MaterialFunctions02/PivotPainter2/Black_1x1_EXR_Texture.uexp" 907
"../../../Engine/Content/EngineMaterials/BaseFlattenEmissiveMap.uasset" 908
"../../../Engine/Content/EngineMaterials/BaseFlattenEmissiveMap.uexp" 909
"../../../Engine/Content/EngineMaterials/BaseFlattenLinearColor.uasset" 910
"../../../Engine/Content/EngineMaterials/BaseFlattenLinearColor.uexp" 911
"../../../Engine/Content/EngineMaterials/FlattenMaterial.uasset" 912
"../../../Engine/Content/EngineMaterials/FlattenMaterial.uexp" 913
"../../../Engine/Content/EngineMaterials/DefaultWhiteGrid_Low.uasset" 914
"../../../Engine/Content/EngineMaterials/DefaultWhiteGrid_Low.uexp" 915
"../../../Engine/Content/EngineMaterials/EmissiveMeshMaterial.uasset" 916
"../../../Engine/Content/EngineMaterials/EmissiveMeshMaterial.uexp" 917
"../../../Engine/Content/EngineFonts/RobotoDistanceField.uasset" 918
"../../../Engine/Content/EngineFonts/RobotoDistanceField.uexp" 919
"../../../Engine/Content/EngineMaterials/DefaultTextMaterialOpaque.uasset" 920
"../../../Engine/Content/EngineMaterials/DefaultTextMaterialOpaque.uexp" 921
"../../../Engine/Content/EngineMaterials/DefaultDiffuse.ubulk" 922
"../../../Engine/Content/EngineMaterials/DefaultDiffuse.uasset" 923
"../../../Engine/Content/EngineMaterials/DefaultDiffuse.uexp" 924
"../../../Engine/Content/EngineMaterials/DefaultPostProcessMaterial.uasset" 925
"../../../Engine/Content/EngineMaterials/DefaultPostProcessMaterial.uexp" 926
"../../../Engine/Content/EngineMaterials/DefaultPhysicalMaterial.uasset" 927
"../../../Engine/Content/EngineMaterials/DefaultPhysicalMaterial.uexp" 928
"../../../Engine/Content/EngineMaterials/DefaultLightFunctionMaterial.uasset" 929
"../../../Engine/Content/EngineMaterials/DefaultLightFunctionMaterial.uexp" 930
"../../../Engine/Content/EngineMaterials/DefaultDestructiblePhysicalMaterial.uasset" 931
"../../../Engine/Content/EngineMaterials/DefaultDestructiblePhysicalMaterial.uexp" 932
"../../../Engine/Content/EngineMaterials/DefaultDeferredDecalMaterial.uasset" 933
"../../../Engine/Content/EngineMaterials/DefaultDeferredDecalMaterial.uexp" 934
"../../../Engine/Content/EngineMaterials/DefaultBloomKernel.uasset" 935
"../../../Engine/Content/EngineMaterials/DefaultBloomKernel.uexp" 936
"../../../Engine/Content/EngineFonts/Faces/RobotoLight.uexp" 937
"../../../Engine/Content/EngineFonts/Faces/RobotoLight.uasset" 938
"../../../Engine/Content/EngineFonts/Faces/RobotoLight.ufont" 939
"../../../Engine/Content/EngineFonts/Faces/RobotoBold.uexp" 940
"../../../Engine/Content/EngineFonts/Faces/RobotoBold.uasset" 941
"../../../Engine/Content/EngineFonts/Faces/RobotoBold.ufont" 942
"../../../Engine/Content/EngineFonts/Faces/RobotoRegular.uexp" 943
"../../../Engine/Content/EngineFonts/Faces/RobotoRegular.uasset" 944
"../../../Engine/Content/EngineFonts/Faces/RobotoRegular.ufont" 945
"../../../Engine/Content/EngineFonts/Faces/DroidSansFallback.uexp" 946
"../../../Engine/Content/EngineFonts/Faces/DroidSansFallback.uasset" 947
"../../../Engine/Content/EngineFonts/Faces/DroidSansFallback.ufont" 948
"../../../Engine/Content/EngineFonts/Faces/RobotoItalic.uexp" 949
"../../../Engine/Content/EngineFonts/Faces/RobotoItalic.uasset" 950
"../../../Engine/Content/EngineFonts/Faces/RobotoItalic.ufont" 951
"../../../Engine/Content/EngineFonts/Faces/RobotoBoldItalic.uexp" 952
"../../../Engine/Content/EngineFonts/Faces/RobotoBoldItalic.uasset" 953
"../../../Engine/Content/EngineFonts/Faces/RobotoBoldItalic.ufont" 954
"../../../Engine/Content/EngineFonts/Roboto.uasset" 955
"../../../Engine/Content/EngineFonts/Roboto.uexp" 956
"../../../Engine/Content/EngineDebugMaterials/VolumeToRender.uasset" 957
"../../../Engine/Content/EngineDebugMaterials/VolumeToRender.uexp" 958
"../../../Engine/Content/EngineDebugMaterials/M_VolumeRenderSphereTracePP.uasset" 959
"../../../Engine/Content/EngineDebugMaterials/M_VolumeRenderSphereTracePP.uexp" 960
"../../../Engine/Content/EngineDebugMaterials/M_SimpleUnlitTranslucent.uasset" 961
"../../../Engine/Content/EngineDebugMaterials/M_SimpleUnlitTranslucent.uexp" 962
"../../../Engine/Content/EngineDebugMaterials/DebugMeshMaterial.uasset" 963
"../../../Engine/Content/EngineDebugMaterials/DebugMeshMaterial.uexp" 964
"../../../Engine/Content/EngineDebugMaterials/DebugEditorMaterial.uasset" 965
"../../../Engine/Content/EngineDebugMaterials/DebugEditorMaterial.uexp" 966
"../../../Engine/Content/EngineDamageTypes/DmgTypeBP_Environmental.uasset" 967
"../../../Engine/Content/EngineDamageTypes/DmgTypeBP_Environmental.uexp" 968
"../../../Engine/Content/EditorResources/S_Terrain.ubulk" 969
"../../../Engine/Content/EditorResources/S_Terrain.uasset" 970
"../../../Engine/Content/EditorResources/S_Terrain.uexp" 971
"../../../Engine/Content/EditorResources/EmptyActor.uasset" 972
"../../../Engine/Content/EditorResources/EmptyActor.uexp" 973
"../../../Engine/Content/EditorResources/BSPVertex.uasset" 974
"../../../Engine/Content/EditorResources/BSPVertex.uexp" 975
"../../../Engine/Content/EditorMaterials/PreviewShadowIndicator.ubulk" 976
"../../../Engine/Content/EditorMaterials/PreviewShadowIndicator.uasset" 977
"../../../Engine/Content/EditorMaterials/PreviewShadowIndicator.uexp" 978
"../../../Engine/Content/EditorMaterials/PreviewShadowIndicatorMaterial.uasset" 979
"../../../Engine/Content/EditorMaterials/PreviewShadowIndicatorMaterial.uexp" 980
"../../../Engine/Content/EditorMaterials/PhAT_UnselectedMaterial.uasset" 981
"../../../Engine/Content/EditorMaterials/PhAT_UnselectedMaterial.uexp" 982
"../../../Engine/Content/EditorMaterials/PhAT_NoCollisionMaterial.uasset" 983
"../../../Engine/Content/EditorMaterials/PhAT_NoCollisionMaterial.uexp" 984
"../../../Engine/Content/EditorLandscapeResources/DefaultAlphaTexture.uasset" 985
"../../../Engine/Content/EditorLandscapeResources/DefaultAlphaTexture.uexp" 986
"../../../Engine/Content/EditorLandscapeResources/DataLayer.uasset" 987
"../../../Engine/Content/EditorLandscapeResources/DataLayer.uexp" 988
"../../../Engine/Content/BasicShapes/Plane.ubulk" 989
"../../../Engine/Content/BasicShapes/Plane.uasset" 990
"../../../Engine/Content/BasicShapes/Plane.uexp" 991
"../../../Engine/Content/BasicShapes/Cone.ubulk" 992
"../../../Engine/Content/BasicShapes/Cone.uasset" 993
"../../../Engine/Content/BasicShapes/Cone.uexp" 994
"../../../Engine/Content/Animation/DefaultVariableFrameStrippingSettings.uasset" 995
"../../../Engine/Content/Animation/DefaultVariableFrameStrippingSettings.uexp" 996
"../../../Engine/Content/Animation/DefaultRecorderBoneCompression.uasset" 997
"../../../Engine/Content/Animation/DefaultRecorderBoneCompression.uexp" 998
"J:/Unreal/UA-RV-VRProject/Content/Game/Widgets/WBP_MainMenu.uasset" 999
"J:/Unreal/UA-RV-VRProject/Content/Game/Widgets/WBP_MainMenu.uexp" 1000
"J:/Unreal/UA-RV-VRProject/Content/Game/Widgets/Controls.uasset" 1001
"J:/Unreal/UA-RV-VRProject/Content/Game/Widgets/Controls.uexp" 1002
"../../../Engine/Content/Functions/Engine_MaterialFunctions02/Math/AddComponents.uasset" 1003
"../../../Engine/Content/Functions/Engine_MaterialFunctions02/Math/AddComponents.uexp" 1004
"../../../Engine/Content/Functions/Engine_MaterialFunctions01/Texturing/FlattenNormal.uasset" 1005
"../../../Engine/Content/Functions/Engine_MaterialFunctions01/Texturing/FlattenNormal.uexp" 1006
"../../../Engine/Content/EngineSky/VolumetricClouds/CloudWeatherTexture.uasset" 1007
"../../../Engine/Content/EngineSky/VolumetricClouds/CloudWeatherTexture.uexp" 1008
"../../../Engine/Content/EngineSky/VolumetricClouds/CloudGradientTexture.uasset" 1009
"../../../Engine/Content/EngineSky/VolumetricClouds/CloudGradientTexture.uexp" 1010
"../../../Engine/Content/EngineSky/VolumetricClouds/T_NoiseShape64.ubulk" 1011
"../../../Engine/Content/EngineSky/VolumetricClouds/T_NoiseShape64.uasset" 1012
"../../../Engine/Content/EngineSky/VolumetricClouds/T_NoiseShape64.uexp" 1013
"../../../Engine/Content/EngineSky/VolumetricClouds/T_VolumeNoiseShape64.uasset" 1014
"../../../Engine/Content/EngineSky/VolumetricClouds/T_VolumeNoiseShape64.uexp" 1015
"../../../Engine/Content/EngineSky/VolumetricClouds/T_NoiseErosion.ubulk" 1016
"../../../Engine/Content/EngineSky/VolumetricClouds/T_NoiseErosion.uasset" 1017
"../../../Engine/Content/EngineSky/VolumetricClouds/T_NoiseErosion.uexp" 1018
"../../../Engine/Content/EngineSky/VolumetricClouds/T_VolumeNoiseErosion32.uasset" 1019
"../../../Engine/Content/EngineSky/VolumetricClouds/T_VolumeNoiseErosion32.uexp" 1020
"../../../Engine/Content/EngineSky/VolumetricClouds/m_SimpleVolumetricCloud.uasset" 1021
"../../../Engine/Content/EngineSky/VolumetricClouds/m_SimpleVolumetricCloud.uexp" 1022
"../../../Engine/Content/EngineSky/VolumetricClouds/m_SimpleVolumetricCloud_Inst.uasset" 1023
"../../../Engine/Content/EngineSky/VolumetricClouds/m_SimpleVolumetricCloud_Inst.uexp" 1024
"../../../Engine/Content/EngineResources/FilmGrains/Marcie_Grain_v3_128_M2_000.uasset" 1025
"../../../Engine/Content/EngineResources/FilmGrains/Marcie_Grain_v3_128_M2_000.uexp" 1026
"../../../Engine/Content/EditorResources/SequenceRecorder/RecordingIndicator.uasset" 1027
"../../../Engine/Content/EditorResources/SequenceRecorder/RecordingIndicator.uexp" 1028
"../../../Engine/Content/EditorResources/SequenceRecorder/Countdown.uasset" 1029
"../../../Engine/Content/EditorResources/SequenceRecorder/Countdown.uexp" 1030
"../../../Engine/Content/EditorMaterials/Dataflow/DataflowVertexMaterial.uasset" 1031
"../../../Engine/Content/EditorMaterials/Dataflow/DataflowVertexMaterial.uexp" 1032
"../../../Engine/Content/Functions/Engine_MaterialFunctions01/Shading/PowerToRoughness.uasset" 1033
"../../../Engine/Content/Functions/Engine_MaterialFunctions01/Shading/PowerToRoughness.uexp" 1034
"../../../Engine/Content/Functions/Engine_MaterialFunctions01/Shading/ConvertFromDiffSpec.uasset" 1035
"../../../Engine/Content/Functions/Engine_MaterialFunctions01/Shading/ConvertFromDiffSpec.uexp" 1036
"../../../Engine/Content/EngineMaterials/Substrate/Volume/SubstrateSimpleVolumeLUT3D.uasset" 1037
"../../../Engine/Content/EngineMaterials/Substrate/Volume/SubstrateSimpleVolumeLUT3D.uexp" 1038
"../../../Engine/Content/EngineMaterials/Substrate/Volume/SubstrateSimpleVolumeEnvLUT3D.uasset" 1039
"../../../Engine/Content/EngineMaterials/Substrate/Volume/SubstrateSimpleVolumeEnvLUT3D.uexp" 1040
"../../../Engine/Content/EngineMaterials/Substrate/GLints2/AGlintTex2dArray2.uasset" 1041
"../../../Engine/Content/EngineMaterials/Substrate/GLints2/AGlintTex2dArray2.uexp" 1042
"../../../Engine/Content/EngineMaterials/Substrate/GLints/AGlintTex2dArray.uasset" 1043
"../../../Engine/Content/EngineMaterials/Substrate/GLints/AGlintTex2dArray.uexp" 1044
"../../../Engine/Content/Maps/Entry_BuiltData.uasset" 1045
"../../../Engine/Content/Maps/Entry_BuiltData.uexp" 1046
"../../../Engine/Content/Maps/Entry.uexp" 1047
"../../../Engine/Content/Maps/Entry.umap" 1048
"J:/Unreal/UA-RV-VRProject/Content/Materials/M_StartButton.uasset" 1049
"J:/Unreal/UA-RV-VRProject/Content/Materials/M_StartButton.uexp" 1050
"J:/Unreal/UA-RV-VRProject/Content/Textures/T_monitor_Diffuse.ubulk" 1051
"J:/Unreal/UA-RV-VRProject/Content/Textures/T_monitor_Diffuse.uasset" 1052
"J:/Unreal/UA-RV-VRProject/Content/Textures/T_monitor_Diffuse.uexp" 1053
"J:/Unreal/UA-RV-VRProject/Content/Textures/T_monitor_Specular.ubulk" 1054
"J:/Unreal/UA-RV-VRProject/Content/Textures/T_monitor_Specular.uasset" 1055
"J:/Unreal/UA-RV-VRProject/Content/Textures/T_monitor_Specular.uexp" 1056
"J:/Unreal/UA-RV-VRProject/Content/Textures/T_monitor_Normal.ubulk" 1057
"J:/Unreal/UA-RV-VRProject/Content/Textures/T_monitor_Normal.uasset" 1058
"J:/Unreal/UA-RV-VRProject/Content/Textures/T_monitor_Normal.uexp" 1059
"J:/Unreal/UA-RV-VRProject/Content/Materials/M_Material_002_PC.uasset" 1060
"J:/Unreal/UA-RV-VRProject/Content/Materials/M_Material_002_PC.uexp" 1061
"J:/Unreal/UA-RV-VRProject/Content/Models/PC.ubulk" 1062
"J:/Unreal/UA-RV-VRProject/Content/Models/PC.uasset" 1063
"J:/Unreal/UA-RV-VRProject/Content/Models/PC.uexp" 1064
"J:/Unreal/UA-RV-VRProject/Content/Textures/T_SciFiPanels09_Specular.ubulk" 1065
"J:/Unreal/UA-RV-VRProject/Content/Textures/T_SciFiPanels09_Specular.uasset" 1066
"J:/Unreal/UA-RV-VRProject/Content/Textures/T_SciFiPanels09_Specular.uexp" 1067
"J:/Unreal/UA-RV-VRProject/Content/Textures/T_SciFiPanels09_Normal.ubulk" 1068
"J:/Unreal/UA-RV-VRProject/Content/Textures/T_SciFiPanels09_Normal.uasset" 1069
"J:/Unreal/UA-RV-VRProject/Content/Textures/T_SciFiPanels09_Normal.uexp" 1070
"J:/Unreal/UA-RV-VRProject/Content/Materials/M_Box_034.uasset" 1071
"J:/Unreal/UA-RV-VRProject/Content/Materials/M_Box_034.uexp" 1072
"J:/Unreal/UA-RV-VRProject/Content/Models/Box.ubulk" 1073
"J:/Unreal/UA-RV-VRProject/Content/Models/Box.uasset" 1074
"J:/Unreal/UA-RV-VRProject/Content/Models/Box.uexp" 1075
"J:/Unreal/UA-RV-VRProject/Content/Game/Levels/LS_TestRoom_BuiltData.ubulk" 1076
"J:/Unreal/UA-RV-VRProject/Content/Game/Levels/LS_TestRoom_BuiltData.uasset" 1077
"J:/Unreal/UA-RV-VRProject/Content/Game/Levels/LS_TestRoom_BuiltData.uexp" 1078
"J:/Unreal/UA-RV-VRProject/Content/Game/Levels/_GENERATED/nacho/Box_A9FE9EA8.ubulk" 1079
"J:/Unreal/UA-RV-VRProject/Content/Game/Levels/_GENERATED/nacho/Box_A9FE9EA8.uasset" 1080
"J:/Unreal/UA-RV-VRProject/Content/Game/Levels/_GENERATED/nacho/Box_A9FE9EA8.uexp" 1081
"J:/Unreal/UA-RV-VRProject/Content/Game/Widgets/Quest2_controller.uasset" 1082
"J:/Unreal/UA-RV-VRProject/Content/Game/Widgets/Quest2_controller.uexp" 1083
"J:/Unreal/UA-RV-VRProject/Content/Game/Widgets/WBP_MainMenu_VR.uasset" 1084
"J:/Unreal/UA-RV-VRProject/Content/Game/Widgets/WBP_MainMenu_VR.uexp" 1085
"J:/Unreal/UA-RV-VRProject/Content/Game/BP_Cartel.uasset" 1086
"J:/Unreal/UA-RV-VRProject/Content/Game/BP_Cartel.uexp" 1087
"J:/Unreal/UA-RV-VRProject/Content/Textures/T_Fuel_Diffuse.ubulk" 1088
"J:/Unreal/UA-RV-VRProject/Content/Textures/T_Fuel_Diffuse.uasset" 1089
"J:/Unreal/UA-RV-VRProject/Content/Textures/T_Fuel_Diffuse.uexp" 1090
"J:/Unreal/UA-RV-VRProject/Content/Textures/T_Fuel_Normal.ubulk" 1091
"J:/Unreal/UA-RV-VRProject/Content/Textures/T_Fuel_Normal.uasset" 1092
"J:/Unreal/UA-RV-VRProject/Content/Textures/T_Fuel_Normal.uexp" 1093
"J:/Unreal/UA-RV-VRProject/Content/Textures/T_Fuel_Specular.ubulk" 1094
"J:/Unreal/UA-RV-VRProject/Content/Textures/T_Fuel_Specular.uasset" 1095
"J:/Unreal/UA-RV-VRProject/Content/Textures/T_Fuel_Specular.uexp" 1096
"J:/Unreal/UA-RV-VRProject/Content/Materials/M_Fuel.uasset" 1097
"J:/Unreal/UA-RV-VRProject/Content/Materials/M_Fuel.uexp" 1098
"J:/Unreal/UA-RV-VRProject/Content/Models/Tanque.ubulk" 1099
"J:/Unreal/UA-RV-VRProject/Content/Models/Tanque.uasset" 1100
"J:/Unreal/UA-RV-VRProject/Content/Models/Tanque.uexp" 1101
"J:/Unreal/UA-RV-VRProject/Content/Textures/T_Columna_Specular.ubulk" 1102
"J:/Unreal/UA-RV-VRProject/Content/Textures/T_Columna_Specular.uasset" 1103
"J:/Unreal/UA-RV-VRProject/Content/Textures/T_Columna_Specular.uexp" 1104
"J:/Unreal/UA-RV-VRProject/Content/Textures/T_Columna_Normal.ubulk" 1105
"J:/Unreal/UA-RV-VRProject/Content/Textures/T_Columna_Normal.uasset" 1106
"J:/Unreal/UA-RV-VRProject/Content/Textures/T_Columna_Normal.uexp" 1107
"J:/Unreal/UA-RV-VRProject/Content/Materials/M_estructura.uasset" 1108
"J:/Unreal/UA-RV-VRProject/Content/Materials/M_estructura.uexp" 1109
"J:/Unreal/UA-RV-VRProject/Content/Models/Column.ubulk" 1110
"J:/Unreal/UA-RV-VRProject/Content/Models/Column.uasset" 1111
"J:/Unreal/UA-RV-VRProject/Content/Models/Column.uexp" 1112
"J:/Unreal/UA-RV-VRProject/Content/Textures/T_Pasarela_Diffuse.ubulk" 1113
"J:/Unreal/UA-RV-VRProject/Content/Textures/T_Pasarela_Diffuse.uasset" 1114
"J:/Unreal/UA-RV-VRProject/Content/Textures/T_Pasarela_Diffuse.uexp" 1115
"J:/Unreal/UA-RV-VRProject/Content/Textures/T_Pasarela_Normal.ubulk" 1116
"J:/Unreal/UA-RV-VRProject/Content/Textures/T_Pasarela_Normal.uasset" 1117
"J:/Unreal/UA-RV-VRProject/Content/Textures/T_Pasarela_Normal.uexp" 1118
"J:/Unreal/UA-RV-VRProject/Content/Textures/T_Pasarela_Specular.ubulk" 1119
"J:/Unreal/UA-RV-VRProject/Content/Textures/T_Pasarela_Specular.uasset" 1120
"J:/Unreal/UA-RV-VRProject/Content/Textures/T_Pasarela_Specular.uexp" 1121
"J:/Unreal/UA-RV-VRProject/Content/Materials/M_amarillo_001.uasset" 1122
"J:/Unreal/UA-RV-VRProject/Content/Materials/M_amarillo_001.uexp" 1123
"J:/Unreal/UA-RV-VRProject/Content/Models/Pipe.ubulk" 1124
"J:/Unreal/UA-RV-VRProject/Content/Models/Pipe.uasset" 1125
"J:/Unreal/UA-RV-VRProject/Content/Models/Pipe.uexp" 1126
"J:/Unreal/UA-RV-VRProject/Content/Textures/T_vault_hight_Diffuse.ubulk" 1127
"J:/Unreal/UA-RV-VRProject/Content/Textures/T_vault_hight_Diffuse.uasset" 1128
"J:/Unreal/UA-RV-VRProject/Content/Textures/T_vault_hight_Diffuse.uexp" 1129
"J:/Unreal/UA-RV-VRProject/Content/Materials/M_T_vault_hight_Mat.uasset" 1130
"J:/Unreal/UA-RV-VRProject/Content/Materials/M_T_vault_hight_Mat.uexp" 1131
"J:/Unreal/UA-RV-VRProject/Content/Game/Levels/LS_TestRoom.uexp" 1132
"J:/Unreal/UA-RV-VRProject/Content/Game/Levels/LS_TestRoom.umap" 1133
